ARM GAS  C:\Users\admin\AppData\Local\Temp\cco2YoQf.s 			page 1


   1              		.cpu cortex-m4
   2              		.arch armv7e-m
   3              		.fpu fpv4-sp-d16
   4              		.eabi_attribute 27, 1
   5              		.eabi_attribute 28, 1
   6              		.eabi_attribute 20, 1
   7              		.eabi_attribute 21, 1
   8              		.eabi_attribute 23, 3
   9              		.eabi_attribute 24, 1
  10              		.eabi_attribute 25, 1
  11              		.eabi_attribute 26, 1
  12              		.eabi_attribute 30, 1
  13              		.eabi_attribute 34, 1
  14              		.eabi_attribute 18, 4
  15              		.file	"main.c"
  16              		.text
  17              	.Ltext0:
  18              		.cfi_sections	.debug_frame
  19              		.section	.text.Error_Handler,"ax",%progbits
  20              		.align	1
  21              		.global	Error_Handler
  22              		.syntax unified
  23              		.thumb
  24              		.thumb_func
  26              	Error_Handler:
  27              	.LFB136:
  28              		.file 1 "Src/main.c"
   1:Src/main.c    **** /* USER CODE BEGIN Header */
   2:Src/main.c    **** /**
   3:Src/main.c    ****   ******************************************************************************
   4:Src/main.c    ****   * @file           : main.c
   5:Src/main.c    ****   * @brief          : Main program body
   6:Src/main.c    ****   ******************************************************************************
   7:Src/main.c    ****   * @attention
   8:Src/main.c    ****   *
   9:Src/main.c    ****   * Copyright (c) 2022 STMicroelectronics.
  10:Src/main.c    ****   * All rights reserved.
  11:Src/main.c    ****   *
  12:Src/main.c    ****   * This software is licensed under terms that can be found in the LICENSE file
  13:Src/main.c    ****   * in the root directory of this software component.
  14:Src/main.c    ****   * If no LICENSE file comes with this software, it is provided AS-IS.
  15:Src/main.c    ****   *
  16:Src/main.c    ****   ******************************************************************************
  17:Src/main.c    ****   */
  18:Src/main.c    **** /* USER CODE END Header */
  19:Src/main.c    **** /* Includes ------------------------------------------------------------------*/
  20:Src/main.c    **** #include "main.h"
  21:Src/main.c    **** #include "cmsis_os.h"
  22:Src/main.c    **** #include "can.h"
  23:Src/main.c    **** #include "dma.h"
  24:Src/main.c    **** #include "i2c.h"
  25:Src/main.c    **** #include "spi.h"
  26:Src/main.c    **** #include "tim.h"
  27:Src/main.c    **** #include "gpio.h"
  28:Src/main.c    **** 
  29:Src/main.c    **** /* Private includes ----------------------------------------------------------*/
  30:Src/main.c    **** /* USER CODE BEGIN Includes */
ARM GAS  C:\Users\admin\AppData\Local\Temp\cco2YoQf.s 			page 2


  31:Src/main.c    **** 
  32:Src/main.c    **** /* USER CODE END Includes */
  33:Src/main.c    **** 
  34:Src/main.c    **** /* Private typedef -----------------------------------------------------------*/
  35:Src/main.c    **** /* USER CODE BEGIN PTD */
  36:Src/main.c    **** 
  37:Src/main.c    **** /* USER CODE END PTD */
  38:Src/main.c    **** 
  39:Src/main.c    **** /* Private define ------------------------------------------------------------*/
  40:Src/main.c    **** /* USER CODE BEGIN PD */
  41:Src/main.c    **** /* USER CODE END PD */
  42:Src/main.c    **** 
  43:Src/main.c    **** /* Private macro -------------------------------------------------------------*/
  44:Src/main.c    **** /* USER CODE BEGIN PM */
  45:Src/main.c    **** 
  46:Src/main.c    **** /* USER CODE END PM */
  47:Src/main.c    **** 
  48:Src/main.c    **** /* Private variables ---------------------------------------------------------*/
  49:Src/main.c    **** 
  50:Src/main.c    **** /* USER CODE BEGIN PV */
  51:Src/main.c    **** 
  52:Src/main.c    **** /* USER CODE END PV */
  53:Src/main.c    **** 
  54:Src/main.c    **** /* Private function prototypes -----------------------------------------------*/
  55:Src/main.c    **** void SystemClock_Config(void);
  56:Src/main.c    **** void MX_FREERTOS_Init(void);
  57:Src/main.c    **** /* USER CODE BEGIN PFP */
  58:Src/main.c    **** 
  59:Src/main.c    **** /* USER CODE END PFP */
  60:Src/main.c    **** 
  61:Src/main.c    **** /* Private user code ---------------------------------------------------------*/
  62:Src/main.c    **** /* USER CODE BEGIN 0 */
  63:Src/main.c    **** 
  64:Src/main.c    **** /* USER CODE END 0 */
  65:Src/main.c    **** 
  66:Src/main.c    **** /**
  67:Src/main.c    ****   * @brief  The application entry point.
  68:Src/main.c    ****   * @retval int
  69:Src/main.c    ****   */
  70:Src/main.c    **** int main(void)
  71:Src/main.c    **** {
  72:Src/main.c    ****   /* USER CODE BEGIN 1 */
  73:Src/main.c    **** 
  74:Src/main.c    ****   /* USER CODE END 1 */
  75:Src/main.c    **** 
  76:Src/main.c    ****   /* MCU Configuration--------------------------------------------------------*/
  77:Src/main.c    **** 
  78:Src/main.c    ****   /* Reset of all peripherals, Initializes the Flash interface and the Systick. */
  79:Src/main.c    ****   HAL_Init();
  80:Src/main.c    **** 
  81:Src/main.c    ****   /* USER CODE BEGIN Init */
  82:Src/main.c    **** 
  83:Src/main.c    ****   /* USER CODE END Init */
  84:Src/main.c    **** 
  85:Src/main.c    ****   /* Configure the system clock */
  86:Src/main.c    ****   SystemClock_Config();
  87:Src/main.c    **** 
ARM GAS  C:\Users\admin\AppData\Local\Temp\cco2YoQf.s 			page 3


  88:Src/main.c    ****   /* USER CODE BEGIN SysInit */
  89:Src/main.c    **** 
  90:Src/main.c    ****   /* USER CODE END SysInit */
  91:Src/main.c    **** 
  92:Src/main.c    ****   /* Initialize all configured peripherals */
  93:Src/main.c    ****   MX_GPIO_Init();
  94:Src/main.c    ****   MX_DMA_Init();
  95:Src/main.c    ****   MX_I2C3_Init();
  96:Src/main.c    ****   MX_SPI1_Init();
  97:Src/main.c    ****   MX_TIM10_Init();
  98:Src/main.c    ****   MX_CAN1_Init();
  99:Src/main.c    ****   MX_CAN2_Init();
 100:Src/main.c    ****   MX_TIM1_Init();
 101:Src/main.c    ****   MX_TIM8_Init();
 102:Src/main.c    ****   /* USER CODE BEGIN 2 */
 103:Src/main.c    ****   delay_init();
 104:Src/main.c    ****   userinit();
 105:Src/main.c    ****   /* USER CODE END 2 */
 106:Src/main.c    **** 
 107:Src/main.c    ****   /* Init scheduler */
 108:Src/main.c    ****   osKernelInitialize();  /* Call init function for freertos objects (in freertos.c) */
 109:Src/main.c    ****   MX_FREERTOS_Init();
 110:Src/main.c    **** 
 111:Src/main.c    ****   /* Start scheduler */
 112:Src/main.c    ****   osKernelStart();
 113:Src/main.c    **** 
 114:Src/main.c    ****   /* We should never get here as control is now taken by the scheduler */
 115:Src/main.c    ****   /* Infinite loop */
 116:Src/main.c    ****   /* USER CODE BEGIN WHILE */
 117:Src/main.c    ****   while (1)
 118:Src/main.c    ****   {
 119:Src/main.c    ****     /* USER CODE END WHILE */
 120:Src/main.c    **** 
 121:Src/main.c    ****     /* USER CODE BEGIN 3 */
 122:Src/main.c    ****   }
 123:Src/main.c    ****   /* USER CODE END 3 */
 124:Src/main.c    **** }
 125:Src/main.c    **** 
 126:Src/main.c    **** /**
 127:Src/main.c    ****   * @brief System Clock Configuration
 128:Src/main.c    ****   * @retval None
 129:Src/main.c    ****   */
 130:Src/main.c    **** void SystemClock_Config(void)
 131:Src/main.c    **** {
 132:Src/main.c    ****   RCC_OscInitTypeDef RCC_OscInitStruct = {0};
 133:Src/main.c    ****   RCC_ClkInitTypeDef RCC_ClkInitStruct = {0};
 134:Src/main.c    **** 
 135:Src/main.c    ****   /** Configure the main internal regulator output voltage
 136:Src/main.c    ****   */
 137:Src/main.c    ****   __HAL_RCC_PWR_CLK_ENABLE();
 138:Src/main.c    ****   __HAL_PWR_VOLTAGESCALING_CONFIG(PWR_REGULATOR_VOLTAGE_SCALE1);
 139:Src/main.c    **** 
 140:Src/main.c    ****   /** Initializes the RCC Oscillators according to the specified parameters
 141:Src/main.c    ****   * in the RCC_OscInitTypeDef structure.
 142:Src/main.c    ****   */
 143:Src/main.c    ****   RCC_OscInitStruct.OscillatorType = RCC_OSCILLATORTYPE_HSE;
 144:Src/main.c    ****   RCC_OscInitStruct.HSEState = RCC_HSE_ON;
ARM GAS  C:\Users\admin\AppData\Local\Temp\cco2YoQf.s 			page 4


 145:Src/main.c    ****   RCC_OscInitStruct.PLL.PLLState = RCC_PLL_ON;
 146:Src/main.c    ****   RCC_OscInitStruct.PLL.PLLSource = RCC_PLLSOURCE_HSE;
 147:Src/main.c    ****   RCC_OscInitStruct.PLL.PLLM = 6;
 148:Src/main.c    ****   RCC_OscInitStruct.PLL.PLLN = 168;
 149:Src/main.c    ****   RCC_OscInitStruct.PLL.PLLP = RCC_PLLP_DIV2;
 150:Src/main.c    ****   RCC_OscInitStruct.PLL.PLLQ = 4;
 151:Src/main.c    ****   if (HAL_RCC_OscConfig(&RCC_OscInitStruct) != HAL_OK)
 152:Src/main.c    ****   {
 153:Src/main.c    ****     Error_Handler();
 154:Src/main.c    ****   }
 155:Src/main.c    **** 
 156:Src/main.c    ****   /** Initializes the CPU, AHB and APB buses clocks
 157:Src/main.c    ****   */
 158:Src/main.c    ****   RCC_ClkInitStruct.ClockType = RCC_CLOCKTYPE_HCLK|RCC_CLOCKTYPE_SYSCLK
 159:Src/main.c    ****                               |RCC_CLOCKTYPE_PCLK1|RCC_CLOCKTYPE_PCLK2;
 160:Src/main.c    ****   RCC_ClkInitStruct.SYSCLKSource = RCC_SYSCLKSOURCE_PLLCLK;
 161:Src/main.c    ****   RCC_ClkInitStruct.AHBCLKDivider = RCC_SYSCLK_DIV1;
 162:Src/main.c    ****   RCC_ClkInitStruct.APB1CLKDivider = RCC_HCLK_DIV4;
 163:Src/main.c    ****   RCC_ClkInitStruct.APB2CLKDivider = RCC_HCLK_DIV2;
 164:Src/main.c    **** 
 165:Src/main.c    ****   if (HAL_RCC_ClockConfig(&RCC_ClkInitStruct, FLASH_LATENCY_5) != HAL_OK)
 166:Src/main.c    ****   {
 167:Src/main.c    ****     Error_Handler();
 168:Src/main.c    ****   }
 169:Src/main.c    **** }
 170:Src/main.c    **** 
 171:Src/main.c    **** /* USER CODE BEGIN 4 */
 172:Src/main.c    **** 
 173:Src/main.c    **** /* USER CODE END 4 */
 174:Src/main.c    **** 
 175:Src/main.c    **** /**
 176:Src/main.c    ****   * @brief  This function is executed in case of error occurrence.
 177:Src/main.c    ****   * @retval None
 178:Src/main.c    ****   */
 179:Src/main.c    **** void Error_Handler(void)
 180:Src/main.c    **** {
  29              		.loc 1 180 1 view -0
  30              		.cfi_startproc
  31              		@ Volatile: function does not return.
  32              		@ args = 0, pretend = 0, frame = 0
  33              		@ frame_needed = 0, uses_anonymous_args = 0
  34              		@ link register save eliminated.
 181:Src/main.c    ****   /* USER CODE BEGIN Error_Handler_Debug */
 182:Src/main.c    ****   /* User can add his own implementation to report the HAL error return state */
 183:Src/main.c    ****   __disable_irq();
  35              		.loc 1 183 3 view .LVU1
  36              	.LBB4:
  37              	.LBI4:
  38              		.file 2 "Drivers/CMSIS/Include/cmsis_gcc.h"
   1:Drivers/CMSIS/Include/cmsis_gcc.h **** /**************************************************************************//**
   2:Drivers/CMSIS/Include/cmsis_gcc.h ****  * @file     cmsis_gcc.h
   3:Drivers/CMSIS/Include/cmsis_gcc.h ****  * @brief    CMSIS compiler GCC header file
   4:Drivers/CMSIS/Include/cmsis_gcc.h ****  * @version  V5.0.4
   5:Drivers/CMSIS/Include/cmsis_gcc.h ****  * @date     09. April 2018
   6:Drivers/CMSIS/Include/cmsis_gcc.h ****  ******************************************************************************/
   7:Drivers/CMSIS/Include/cmsis_gcc.h **** /*
   8:Drivers/CMSIS/Include/cmsis_gcc.h ****  * Copyright (c) 2009-2018 Arm Limited. All rights reserved.
ARM GAS  C:\Users\admin\AppData\Local\Temp\cco2YoQf.s 			page 5


   9:Drivers/CMSIS/Include/cmsis_gcc.h ****  *
  10:Drivers/CMSIS/Include/cmsis_gcc.h ****  * SPDX-License-Identifier: Apache-2.0
  11:Drivers/CMSIS/Include/cmsis_gcc.h ****  *
  12:Drivers/CMSIS/Include/cmsis_gcc.h ****  * Licensed under the Apache License, Version 2.0 (the License); you may
  13:Drivers/CMSIS/Include/cmsis_gcc.h ****  * not use this file except in compliance with the License.
  14:Drivers/CMSIS/Include/cmsis_gcc.h ****  * You may obtain a copy of the License at
  15:Drivers/CMSIS/Include/cmsis_gcc.h ****  *
  16:Drivers/CMSIS/Include/cmsis_gcc.h ****  * www.apache.org/licenses/LICENSE-2.0
  17:Drivers/CMSIS/Include/cmsis_gcc.h ****  *
  18:Drivers/CMSIS/Include/cmsis_gcc.h ****  * Unless required by applicable law or agreed to in writing, software
  19:Drivers/CMSIS/Include/cmsis_gcc.h ****  * distributed under the License is distributed on an AS IS BASIS, WITHOUT
  20:Drivers/CMSIS/Include/cmsis_gcc.h ****  * WARRANTIES OR CONDITIONS OF ANY KIND, either express or implied.
  21:Drivers/CMSIS/Include/cmsis_gcc.h ****  * See the License for the specific language governing permissions and
  22:Drivers/CMSIS/Include/cmsis_gcc.h ****  * limitations under the License.
  23:Drivers/CMSIS/Include/cmsis_gcc.h ****  */
  24:Drivers/CMSIS/Include/cmsis_gcc.h **** 
  25:Drivers/CMSIS/Include/cmsis_gcc.h **** #ifndef __CMSIS_GCC_H
  26:Drivers/CMSIS/Include/cmsis_gcc.h **** #define __CMSIS_GCC_H
  27:Drivers/CMSIS/Include/cmsis_gcc.h **** 
  28:Drivers/CMSIS/Include/cmsis_gcc.h **** /* ignore some GCC warnings */
  29:Drivers/CMSIS/Include/cmsis_gcc.h **** #pragma GCC diagnostic push
  30:Drivers/CMSIS/Include/cmsis_gcc.h **** #pragma GCC diagnostic ignored "-Wsign-conversion"
  31:Drivers/CMSIS/Include/cmsis_gcc.h **** #pragma GCC diagnostic ignored "-Wconversion"
  32:Drivers/CMSIS/Include/cmsis_gcc.h **** #pragma GCC diagnostic ignored "-Wunused-parameter"
  33:Drivers/CMSIS/Include/cmsis_gcc.h **** 
  34:Drivers/CMSIS/Include/cmsis_gcc.h **** /* Fallback for __has_builtin */
  35:Drivers/CMSIS/Include/cmsis_gcc.h **** #ifndef __has_builtin
  36:Drivers/CMSIS/Include/cmsis_gcc.h ****   #define __has_builtin(x) (0)
  37:Drivers/CMSIS/Include/cmsis_gcc.h **** #endif
  38:Drivers/CMSIS/Include/cmsis_gcc.h **** 
  39:Drivers/CMSIS/Include/cmsis_gcc.h **** /* CMSIS compiler specific defines */
  40:Drivers/CMSIS/Include/cmsis_gcc.h **** #ifndef   __ASM
  41:Drivers/CMSIS/Include/cmsis_gcc.h ****   #define __ASM                                  __asm
  42:Drivers/CMSIS/Include/cmsis_gcc.h **** #endif
  43:Drivers/CMSIS/Include/cmsis_gcc.h **** #ifndef   __INLINE
  44:Drivers/CMSIS/Include/cmsis_gcc.h ****   #define __INLINE                               inline
  45:Drivers/CMSIS/Include/cmsis_gcc.h **** #endif
  46:Drivers/CMSIS/Include/cmsis_gcc.h **** #ifndef   __STATIC_INLINE
  47:Drivers/CMSIS/Include/cmsis_gcc.h ****   #define __STATIC_INLINE                        static inline
  48:Drivers/CMSIS/Include/cmsis_gcc.h **** #endif
  49:Drivers/CMSIS/Include/cmsis_gcc.h **** #ifndef   __STATIC_FORCEINLINE                 
  50:Drivers/CMSIS/Include/cmsis_gcc.h ****   #define __STATIC_FORCEINLINE                   __attribute__((always_inline)) static inline
  51:Drivers/CMSIS/Include/cmsis_gcc.h **** #endif                                           
  52:Drivers/CMSIS/Include/cmsis_gcc.h **** #ifndef   __NO_RETURN
  53:Drivers/CMSIS/Include/cmsis_gcc.h ****   #define __NO_RETURN                            __attribute__((__noreturn__))
  54:Drivers/CMSIS/Include/cmsis_gcc.h **** #endif
  55:Drivers/CMSIS/Include/cmsis_gcc.h **** #ifndef   __USED
  56:Drivers/CMSIS/Include/cmsis_gcc.h ****   #define __USED                                 __attribute__((used))
  57:Drivers/CMSIS/Include/cmsis_gcc.h **** #endif
  58:Drivers/CMSIS/Include/cmsis_gcc.h **** #ifndef   __WEAK
  59:Drivers/CMSIS/Include/cmsis_gcc.h ****   #define __WEAK                                 __attribute__((weak))
  60:Drivers/CMSIS/Include/cmsis_gcc.h **** #endif
  61:Drivers/CMSIS/Include/cmsis_gcc.h **** #ifndef   __PACKED
  62:Drivers/CMSIS/Include/cmsis_gcc.h ****   #define __PACKED                               __attribute__((packed, aligned(1)))
  63:Drivers/CMSIS/Include/cmsis_gcc.h **** #endif
  64:Drivers/CMSIS/Include/cmsis_gcc.h **** #ifndef   __PACKED_STRUCT
  65:Drivers/CMSIS/Include/cmsis_gcc.h ****   #define __PACKED_STRUCT                        struct __attribute__((packed, aligned(1)))
ARM GAS  C:\Users\admin\AppData\Local\Temp\cco2YoQf.s 			page 6


  66:Drivers/CMSIS/Include/cmsis_gcc.h **** #endif
  67:Drivers/CMSIS/Include/cmsis_gcc.h **** #ifndef   __PACKED_UNION
  68:Drivers/CMSIS/Include/cmsis_gcc.h ****   #define __PACKED_UNION                         union __attribute__((packed, aligned(1)))
  69:Drivers/CMSIS/Include/cmsis_gcc.h **** #endif
  70:Drivers/CMSIS/Include/cmsis_gcc.h **** #ifndef   __UNALIGNED_UINT32        /* deprecated */
  71:Drivers/CMSIS/Include/cmsis_gcc.h ****   #pragma GCC diagnostic push
  72:Drivers/CMSIS/Include/cmsis_gcc.h ****   #pragma GCC diagnostic ignored "-Wpacked"
  73:Drivers/CMSIS/Include/cmsis_gcc.h ****   #pragma GCC diagnostic ignored "-Wattributes"
  74:Drivers/CMSIS/Include/cmsis_gcc.h ****   struct __attribute__((packed)) T_UINT32 { uint32_t v; };
  75:Drivers/CMSIS/Include/cmsis_gcc.h ****   #pragma GCC diagnostic pop
  76:Drivers/CMSIS/Include/cmsis_gcc.h ****   #define __UNALIGNED_UINT32(x)                  (((struct T_UINT32 *)(x))->v)
  77:Drivers/CMSIS/Include/cmsis_gcc.h **** #endif
  78:Drivers/CMSIS/Include/cmsis_gcc.h **** #ifndef   __UNALIGNED_UINT16_WRITE
  79:Drivers/CMSIS/Include/cmsis_gcc.h ****   #pragma GCC diagnostic push
  80:Drivers/CMSIS/Include/cmsis_gcc.h ****   #pragma GCC diagnostic ignored "-Wpacked"
  81:Drivers/CMSIS/Include/cmsis_gcc.h ****   #pragma GCC diagnostic ignored "-Wattributes"
  82:Drivers/CMSIS/Include/cmsis_gcc.h ****   __PACKED_STRUCT T_UINT16_WRITE { uint16_t v; };
  83:Drivers/CMSIS/Include/cmsis_gcc.h ****   #pragma GCC diagnostic pop
  84:Drivers/CMSIS/Include/cmsis_gcc.h ****   #define __UNALIGNED_UINT16_WRITE(addr, val)    (void)((((struct T_UINT16_WRITE *)(void *)(addr))-
  85:Drivers/CMSIS/Include/cmsis_gcc.h **** #endif
  86:Drivers/CMSIS/Include/cmsis_gcc.h **** #ifndef   __UNALIGNED_UINT16_READ
  87:Drivers/CMSIS/Include/cmsis_gcc.h ****   #pragma GCC diagnostic push
  88:Drivers/CMSIS/Include/cmsis_gcc.h ****   #pragma GCC diagnostic ignored "-Wpacked"
  89:Drivers/CMSIS/Include/cmsis_gcc.h ****   #pragma GCC diagnostic ignored "-Wattributes"
  90:Drivers/CMSIS/Include/cmsis_gcc.h ****   __PACKED_STRUCT T_UINT16_READ { uint16_t v; };
  91:Drivers/CMSIS/Include/cmsis_gcc.h ****   #pragma GCC diagnostic pop
  92:Drivers/CMSIS/Include/cmsis_gcc.h ****   #define __UNALIGNED_UINT16_READ(addr)          (((const struct T_UINT16_READ *)(const void *)(add
  93:Drivers/CMSIS/Include/cmsis_gcc.h **** #endif
  94:Drivers/CMSIS/Include/cmsis_gcc.h **** #ifndef   __UNALIGNED_UINT32_WRITE
  95:Drivers/CMSIS/Include/cmsis_gcc.h ****   #pragma GCC diagnostic push
  96:Drivers/CMSIS/Include/cmsis_gcc.h ****   #pragma GCC diagnostic ignored "-Wpacked"
  97:Drivers/CMSIS/Include/cmsis_gcc.h ****   #pragma GCC diagnostic ignored "-Wattributes"
  98:Drivers/CMSIS/Include/cmsis_gcc.h ****   __PACKED_STRUCT T_UINT32_WRITE { uint32_t v; };
  99:Drivers/CMSIS/Include/cmsis_gcc.h ****   #pragma GCC diagnostic pop
 100:Drivers/CMSIS/Include/cmsis_gcc.h ****   #define __UNALIGNED_UINT32_WRITE(addr, val)    (void)((((struct T_UINT32_WRITE *)(void *)(addr))-
 101:Drivers/CMSIS/Include/cmsis_gcc.h **** #endif
 102:Drivers/CMSIS/Include/cmsis_gcc.h **** #ifndef   __UNALIGNED_UINT32_READ
 103:Drivers/CMSIS/Include/cmsis_gcc.h ****   #pragma GCC diagnostic push
 104:Drivers/CMSIS/Include/cmsis_gcc.h ****   #pragma GCC diagnostic ignored "-Wpacked"
 105:Drivers/CMSIS/Include/cmsis_gcc.h ****   #pragma GCC diagnostic ignored "-Wattributes"
 106:Drivers/CMSIS/Include/cmsis_gcc.h ****   __PACKED_STRUCT T_UINT32_READ { uint32_t v; };
 107:Drivers/CMSIS/Include/cmsis_gcc.h ****   #pragma GCC diagnostic pop
 108:Drivers/CMSIS/Include/cmsis_gcc.h ****   #define __UNALIGNED_UINT32_READ(addr)          (((const struct T_UINT32_READ *)(const void *)(add
 109:Drivers/CMSIS/Include/cmsis_gcc.h **** #endif
 110:Drivers/CMSIS/Include/cmsis_gcc.h **** #ifndef   __ALIGNED
 111:Drivers/CMSIS/Include/cmsis_gcc.h ****   #define __ALIGNED(x)                           __attribute__((aligned(x)))
 112:Drivers/CMSIS/Include/cmsis_gcc.h **** #endif
 113:Drivers/CMSIS/Include/cmsis_gcc.h **** #ifndef   __RESTRICT
 114:Drivers/CMSIS/Include/cmsis_gcc.h ****   #define __RESTRICT                             __restrict
 115:Drivers/CMSIS/Include/cmsis_gcc.h **** #endif
 116:Drivers/CMSIS/Include/cmsis_gcc.h **** 
 117:Drivers/CMSIS/Include/cmsis_gcc.h **** 
 118:Drivers/CMSIS/Include/cmsis_gcc.h **** /* ###########################  Core Function Access  ########################### */
 119:Drivers/CMSIS/Include/cmsis_gcc.h **** /** \ingroup  CMSIS_Core_FunctionInterface
 120:Drivers/CMSIS/Include/cmsis_gcc.h ****     \defgroup CMSIS_Core_RegAccFunctions CMSIS Core Register Access Functions
 121:Drivers/CMSIS/Include/cmsis_gcc.h ****   @{
 122:Drivers/CMSIS/Include/cmsis_gcc.h ****  */
ARM GAS  C:\Users\admin\AppData\Local\Temp\cco2YoQf.s 			page 7


 123:Drivers/CMSIS/Include/cmsis_gcc.h **** 
 124:Drivers/CMSIS/Include/cmsis_gcc.h **** /**
 125:Drivers/CMSIS/Include/cmsis_gcc.h ****   \brief   Enable IRQ Interrupts
 126:Drivers/CMSIS/Include/cmsis_gcc.h ****   \details Enables IRQ interrupts by clearing the I-bit in the CPSR.
 127:Drivers/CMSIS/Include/cmsis_gcc.h ****            Can only be executed in Privileged modes.
 128:Drivers/CMSIS/Include/cmsis_gcc.h ****  */
 129:Drivers/CMSIS/Include/cmsis_gcc.h **** __STATIC_FORCEINLINE void __enable_irq(void)
 130:Drivers/CMSIS/Include/cmsis_gcc.h **** {
 131:Drivers/CMSIS/Include/cmsis_gcc.h ****   __ASM volatile ("cpsie i" : : : "memory");
 132:Drivers/CMSIS/Include/cmsis_gcc.h **** }
 133:Drivers/CMSIS/Include/cmsis_gcc.h **** 
 134:Drivers/CMSIS/Include/cmsis_gcc.h **** 
 135:Drivers/CMSIS/Include/cmsis_gcc.h **** /**
 136:Drivers/CMSIS/Include/cmsis_gcc.h ****   \brief   Disable IRQ Interrupts
 137:Drivers/CMSIS/Include/cmsis_gcc.h ****   \details Disables IRQ interrupts by setting the I-bit in the CPSR.
 138:Drivers/CMSIS/Include/cmsis_gcc.h ****            Can only be executed in Privileged modes.
 139:Drivers/CMSIS/Include/cmsis_gcc.h ****  */
 140:Drivers/CMSIS/Include/cmsis_gcc.h **** __STATIC_FORCEINLINE void __disable_irq(void)
  39              		.loc 2 140 27 view .LVU2
  40              	.LBB5:
 141:Drivers/CMSIS/Include/cmsis_gcc.h **** {
 142:Drivers/CMSIS/Include/cmsis_gcc.h ****   __ASM volatile ("cpsid i" : : : "memory");
  41              		.loc 2 142 3 view .LVU3
  42              		.syntax unified
  43              	@ 142 "Drivers/CMSIS/Include/cmsis_gcc.h" 1
  44 0000 72B6     		cpsid i
  45              	@ 0 "" 2
  46              		.thumb
  47              		.syntax unified
  48              	.L2:
  49              	.LBE5:
  50              	.LBE4:
 184:Src/main.c    ****   while (1)
  51              		.loc 1 184 3 discriminator 1 view .LVU4
 185:Src/main.c    ****   {
 186:Src/main.c    ****   }
  52              		.loc 1 186 3 discriminator 1 view .LVU5
 184:Src/main.c    ****   while (1)
  53              		.loc 1 184 9 discriminator 1 view .LVU6
  54 0002 FEE7     		b	.L2
  55              		.cfi_endproc
  56              	.LFE136:
  58              		.section	.text.SystemClock_Config,"ax",%progbits
  59              		.align	1
  60              		.global	SystemClock_Config
  61              		.syntax unified
  62              		.thumb
  63              		.thumb_func
  65              	SystemClock_Config:
  66              	.LFB135:
 131:Src/main.c    ****   RCC_OscInitTypeDef RCC_OscInitStruct = {0};
  67              		.loc 1 131 1 view -0
  68              		.cfi_startproc
  69              		@ args = 0, pretend = 0, frame = 80
  70              		@ frame_needed = 0, uses_anonymous_args = 0
  71 0000 00B5     		push	{lr}
  72              	.LCFI0:
ARM GAS  C:\Users\admin\AppData\Local\Temp\cco2YoQf.s 			page 8


  73              		.cfi_def_cfa_offset 4
  74              		.cfi_offset 14, -4
  75 0002 95B0     		sub	sp, sp, #84
  76              	.LCFI1:
  77              		.cfi_def_cfa_offset 88
 132:Src/main.c    ****   RCC_ClkInitTypeDef RCC_ClkInitStruct = {0};
  78              		.loc 1 132 3 view .LVU8
 132:Src/main.c    ****   RCC_ClkInitTypeDef RCC_ClkInitStruct = {0};
  79              		.loc 1 132 22 is_stmt 0 view .LVU9
  80 0004 3022     		movs	r2, #48
  81 0006 0021     		movs	r1, #0
  82 0008 08A8     		add	r0, sp, #32
  83 000a FFF7FEFF 		bl	memset
  84              	.LVL0:
 133:Src/main.c    **** 
  85              		.loc 1 133 3 is_stmt 1 view .LVU10
 133:Src/main.c    **** 
  86              		.loc 1 133 22 is_stmt 0 view .LVU11
  87 000e 0023     		movs	r3, #0
  88 0010 0393     		str	r3, [sp, #12]
  89 0012 0493     		str	r3, [sp, #16]
  90 0014 0593     		str	r3, [sp, #20]
  91 0016 0693     		str	r3, [sp, #24]
  92 0018 0793     		str	r3, [sp, #28]
 137:Src/main.c    ****   __HAL_PWR_VOLTAGESCALING_CONFIG(PWR_REGULATOR_VOLTAGE_SCALE1);
  93              		.loc 1 137 3 is_stmt 1 view .LVU12
  94              	.LBB6:
 137:Src/main.c    ****   __HAL_PWR_VOLTAGESCALING_CONFIG(PWR_REGULATOR_VOLTAGE_SCALE1);
  95              		.loc 1 137 3 view .LVU13
  96 001a 0193     		str	r3, [sp, #4]
 137:Src/main.c    ****   __HAL_PWR_VOLTAGESCALING_CONFIG(PWR_REGULATOR_VOLTAGE_SCALE1);
  97              		.loc 1 137 3 view .LVU14
  98 001c 204A     		ldr	r2, .L9
  99 001e 116C     		ldr	r1, [r2, #64]
 100 0020 41F08051 		orr	r1, r1, #268435456
 101 0024 1164     		str	r1, [r2, #64]
 137:Src/main.c    ****   __HAL_PWR_VOLTAGESCALING_CONFIG(PWR_REGULATOR_VOLTAGE_SCALE1);
 102              		.loc 1 137 3 view .LVU15
 103 0026 126C     		ldr	r2, [r2, #64]
 104 0028 02F08052 		and	r2, r2, #268435456
 105 002c 0192     		str	r2, [sp, #4]
 137:Src/main.c    ****   __HAL_PWR_VOLTAGESCALING_CONFIG(PWR_REGULATOR_VOLTAGE_SCALE1);
 106              		.loc 1 137 3 view .LVU16
 107 002e 019A     		ldr	r2, [sp, #4]
 108              	.LBE6:
 137:Src/main.c    ****   __HAL_PWR_VOLTAGESCALING_CONFIG(PWR_REGULATOR_VOLTAGE_SCALE1);
 109              		.loc 1 137 3 view .LVU17
 138:Src/main.c    **** 
 110              		.loc 1 138 3 view .LVU18
 111              	.LBB7:
 138:Src/main.c    **** 
 112              		.loc 1 138 3 view .LVU19
 113 0030 0293     		str	r3, [sp, #8]
 138:Src/main.c    **** 
 114              		.loc 1 138 3 view .LVU20
 115 0032 1C4B     		ldr	r3, .L9+4
 116 0034 1A68     		ldr	r2, [r3]
ARM GAS  C:\Users\admin\AppData\Local\Temp\cco2YoQf.s 			page 9


 117 0036 42F48042 		orr	r2, r2, #16384
 118 003a 1A60     		str	r2, [r3]
 138:Src/main.c    **** 
 119              		.loc 1 138 3 view .LVU21
 120 003c 1B68     		ldr	r3, [r3]
 121 003e 03F48043 		and	r3, r3, #16384
 122 0042 0293     		str	r3, [sp, #8]
 138:Src/main.c    **** 
 123              		.loc 1 138 3 view .LVU22
 124 0044 029B     		ldr	r3, [sp, #8]
 125              	.LBE7:
 138:Src/main.c    **** 
 126              		.loc 1 138 3 view .LVU23
 143:Src/main.c    ****   RCC_OscInitStruct.HSEState = RCC_HSE_ON;
 127              		.loc 1 143 3 view .LVU24
 143:Src/main.c    ****   RCC_OscInitStruct.HSEState = RCC_HSE_ON;
 128              		.loc 1 143 36 is_stmt 0 view .LVU25
 129 0046 0123     		movs	r3, #1
 130 0048 0893     		str	r3, [sp, #32]
 144:Src/main.c    ****   RCC_OscInitStruct.PLL.PLLState = RCC_PLL_ON;
 131              		.loc 1 144 3 is_stmt 1 view .LVU26
 144:Src/main.c    ****   RCC_OscInitStruct.PLL.PLLState = RCC_PLL_ON;
 132              		.loc 1 144 30 is_stmt 0 view .LVU27
 133 004a 4FF48033 		mov	r3, #65536
 134 004e 0993     		str	r3, [sp, #36]
 145:Src/main.c    ****   RCC_OscInitStruct.PLL.PLLSource = RCC_PLLSOURCE_HSE;
 135              		.loc 1 145 3 is_stmt 1 view .LVU28
 145:Src/main.c    ****   RCC_OscInitStruct.PLL.PLLSource = RCC_PLLSOURCE_HSE;
 136              		.loc 1 145 34 is_stmt 0 view .LVU29
 137 0050 0223     		movs	r3, #2
 138 0052 0E93     		str	r3, [sp, #56]
 146:Src/main.c    ****   RCC_OscInitStruct.PLL.PLLM = 6;
 139              		.loc 1 146 3 is_stmt 1 view .LVU30
 146:Src/main.c    ****   RCC_OscInitStruct.PLL.PLLM = 6;
 140              		.loc 1 146 35 is_stmt 0 view .LVU31
 141 0054 4FF48002 		mov	r2, #4194304
 142 0058 0F92     		str	r2, [sp, #60]
 147:Src/main.c    ****   RCC_OscInitStruct.PLL.PLLN = 168;
 143              		.loc 1 147 3 is_stmt 1 view .LVU32
 147:Src/main.c    ****   RCC_OscInitStruct.PLL.PLLN = 168;
 144              		.loc 1 147 30 is_stmt 0 view .LVU33
 145 005a 0622     		movs	r2, #6
 146 005c 1092     		str	r2, [sp, #64]
 148:Src/main.c    ****   RCC_OscInitStruct.PLL.PLLP = RCC_PLLP_DIV2;
 147              		.loc 1 148 3 is_stmt 1 view .LVU34
 148:Src/main.c    ****   RCC_OscInitStruct.PLL.PLLP = RCC_PLLP_DIV2;
 148              		.loc 1 148 30 is_stmt 0 view .LVU35
 149 005e A822     		movs	r2, #168
 150 0060 1192     		str	r2, [sp, #68]
 149:Src/main.c    ****   RCC_OscInitStruct.PLL.PLLQ = 4;
 151              		.loc 1 149 3 is_stmt 1 view .LVU36
 149:Src/main.c    ****   RCC_OscInitStruct.PLL.PLLQ = 4;
 152              		.loc 1 149 30 is_stmt 0 view .LVU37
 153 0062 1293     		str	r3, [sp, #72]
 150:Src/main.c    ****   if (HAL_RCC_OscConfig(&RCC_OscInitStruct) != HAL_OK)
 154              		.loc 1 150 3 is_stmt 1 view .LVU38
 150:Src/main.c    ****   if (HAL_RCC_OscConfig(&RCC_OscInitStruct) != HAL_OK)
ARM GAS  C:\Users\admin\AppData\Local\Temp\cco2YoQf.s 			page 10


 155              		.loc 1 150 30 is_stmt 0 view .LVU39
 156 0064 0423     		movs	r3, #4
 157 0066 1393     		str	r3, [sp, #76]
 151:Src/main.c    ****   {
 158              		.loc 1 151 3 is_stmt 1 view .LVU40
 151:Src/main.c    ****   {
 159              		.loc 1 151 7 is_stmt 0 view .LVU41
 160 0068 08A8     		add	r0, sp, #32
 161 006a FFF7FEFF 		bl	HAL_RCC_OscConfig
 162              	.LVL1:
 151:Src/main.c    ****   {
 163              		.loc 1 151 6 view .LVU42
 164 006e 98B9     		cbnz	r0, .L7
 158:Src/main.c    ****                               |RCC_CLOCKTYPE_PCLK1|RCC_CLOCKTYPE_PCLK2;
 165              		.loc 1 158 3 is_stmt 1 view .LVU43
 158:Src/main.c    ****                               |RCC_CLOCKTYPE_PCLK1|RCC_CLOCKTYPE_PCLK2;
 166              		.loc 1 158 31 is_stmt 0 view .LVU44
 167 0070 0F23     		movs	r3, #15
 168 0072 0393     		str	r3, [sp, #12]
 160:Src/main.c    ****   RCC_ClkInitStruct.AHBCLKDivider = RCC_SYSCLK_DIV1;
 169              		.loc 1 160 3 is_stmt 1 view .LVU45
 160:Src/main.c    ****   RCC_ClkInitStruct.AHBCLKDivider = RCC_SYSCLK_DIV1;
 170              		.loc 1 160 34 is_stmt 0 view .LVU46
 171 0074 0223     		movs	r3, #2
 172 0076 0493     		str	r3, [sp, #16]
 161:Src/main.c    ****   RCC_ClkInitStruct.APB1CLKDivider = RCC_HCLK_DIV4;
 173              		.loc 1 161 3 is_stmt 1 view .LVU47
 161:Src/main.c    ****   RCC_ClkInitStruct.APB1CLKDivider = RCC_HCLK_DIV4;
 174              		.loc 1 161 35 is_stmt 0 view .LVU48
 175 0078 0023     		movs	r3, #0
 176 007a 0593     		str	r3, [sp, #20]
 162:Src/main.c    ****   RCC_ClkInitStruct.APB2CLKDivider = RCC_HCLK_DIV2;
 177              		.loc 1 162 3 is_stmt 1 view .LVU49
 162:Src/main.c    ****   RCC_ClkInitStruct.APB2CLKDivider = RCC_HCLK_DIV2;
 178              		.loc 1 162 36 is_stmt 0 view .LVU50
 179 007c 4FF4A053 		mov	r3, #5120
 180 0080 0693     		str	r3, [sp, #24]
 163:Src/main.c    **** 
 181              		.loc 1 163 3 is_stmt 1 view .LVU51
 163:Src/main.c    **** 
 182              		.loc 1 163 36 is_stmt 0 view .LVU52
 183 0082 4FF48053 		mov	r3, #4096
 184 0086 0793     		str	r3, [sp, #28]
 165:Src/main.c    ****   {
 185              		.loc 1 165 3 is_stmt 1 view .LVU53
 165:Src/main.c    ****   {
 186              		.loc 1 165 7 is_stmt 0 view .LVU54
 187 0088 0521     		movs	r1, #5
 188 008a 03A8     		add	r0, sp, #12
 189 008c FFF7FEFF 		bl	HAL_RCC_ClockConfig
 190              	.LVL2:
 165:Src/main.c    ****   {
 191              		.loc 1 165 6 view .LVU55
 192 0090 20B9     		cbnz	r0, .L8
 169:Src/main.c    **** 
 193              		.loc 1 169 1 view .LVU56
 194 0092 15B0     		add	sp, sp, #84
ARM GAS  C:\Users\admin\AppData\Local\Temp\cco2YoQf.s 			page 11


 195              	.LCFI2:
 196              		.cfi_remember_state
 197              		.cfi_def_cfa_offset 4
 198              		@ sp needed
 199 0094 5DF804FB 		ldr	pc, [sp], #4
 200              	.L7:
 201              	.LCFI3:
 202              		.cfi_restore_state
 153:Src/main.c    ****   }
 203              		.loc 1 153 5 is_stmt 1 view .LVU57
 204 0098 FFF7FEFF 		bl	Error_Handler
 205              	.LVL3:
 206              	.L8:
 167:Src/main.c    ****   }
 207              		.loc 1 167 5 view .LVU58
 208 009c FFF7FEFF 		bl	Error_Handler
 209              	.LVL4:
 210              	.L10:
 211              		.align	2
 212              	.L9:
 213 00a0 00380240 		.word	1073887232
 214 00a4 00700040 		.word	1073770496
 215              		.cfi_endproc
 216              	.LFE135:
 218              		.section	.text.main,"ax",%progbits
 219              		.align	1
 220              		.global	main
 221              		.syntax unified
 222              		.thumb
 223              		.thumb_func
 225              	main:
 226              	.LFB134:
  71:Src/main.c    ****   /* USER CODE BEGIN 1 */
 227              		.loc 1 71 1 view -0
 228              		.cfi_startproc
 229              		@ Volatile: function does not return.
 230              		@ args = 0, pretend = 0, frame = 0
 231              		@ frame_needed = 0, uses_anonymous_args = 0
 232 0000 08B5     		push	{r3, lr}
 233              	.LCFI4:
 234              		.cfi_def_cfa_offset 8
 235              		.cfi_offset 3, -8
 236              		.cfi_offset 14, -4
  79:Src/main.c    **** 
 237              		.loc 1 79 3 view .LVU60
 238 0002 FFF7FEFF 		bl	HAL_Init
 239              	.LVL5:
  86:Src/main.c    **** 
 240              		.loc 1 86 3 view .LVU61
 241 0006 FFF7FEFF 		bl	SystemClock_Config
 242              	.LVL6:
  93:Src/main.c    ****   MX_DMA_Init();
 243              		.loc 1 93 3 view .LVU62
 244 000a FFF7FEFF 		bl	MX_GPIO_Init
 245              	.LVL7:
  94:Src/main.c    ****   MX_I2C3_Init();
 246              		.loc 1 94 3 view .LVU63
ARM GAS  C:\Users\admin\AppData\Local\Temp\cco2YoQf.s 			page 12


 247 000e FFF7FEFF 		bl	MX_DMA_Init
 248              	.LVL8:
  95:Src/main.c    ****   MX_SPI1_Init();
 249              		.loc 1 95 3 view .LVU64
 250 0012 FFF7FEFF 		bl	MX_I2C3_Init
 251              	.LVL9:
  96:Src/main.c    ****   MX_TIM10_Init();
 252              		.loc 1 96 3 view .LVU65
 253 0016 FFF7FEFF 		bl	MX_SPI1_Init
 254              	.LVL10:
  97:Src/main.c    ****   MX_CAN1_Init();
 255              		.loc 1 97 3 view .LVU66
 256 001a FFF7FEFF 		bl	MX_TIM10_Init
 257              	.LVL11:
  98:Src/main.c    ****   MX_CAN2_Init();
 258              		.loc 1 98 3 view .LVU67
 259 001e FFF7FEFF 		bl	MX_CAN1_Init
 260              	.LVL12:
  99:Src/main.c    ****   MX_TIM1_Init();
 261              		.loc 1 99 3 view .LVU68
 262 0022 FFF7FEFF 		bl	MX_CAN2_Init
 263              	.LVL13:
 100:Src/main.c    ****   MX_TIM8_Init();
 264              		.loc 1 100 3 view .LVU69
 265 0026 FFF7FEFF 		bl	MX_TIM1_Init
 266              	.LVL14:
 101:Src/main.c    ****   /* USER CODE BEGIN 2 */
 267              		.loc 1 101 3 view .LVU70
 268 002a FFF7FEFF 		bl	MX_TIM8_Init
 269              	.LVL15:
 103:Src/main.c    ****   userinit();
 270              		.loc 1 103 3 view .LVU71
 271 002e FFF7FEFF 		bl	delay_init
 272              	.LVL16:
 104:Src/main.c    ****   /* USER CODE END 2 */
 273              		.loc 1 104 3 view .LVU72
 274 0032 FFF7FEFF 		bl	userinit
 275              	.LVL17:
 108:Src/main.c    ****   MX_FREERTOS_Init();
 276              		.loc 1 108 3 view .LVU73
 277 0036 FFF7FEFF 		bl	osKernelInitialize
 278              	.LVL18:
 109:Src/main.c    **** 
 279              		.loc 1 109 3 view .LVU74
 280 003a FFF7FEFF 		bl	MX_FREERTOS_Init
 281              	.LVL19:
 112:Src/main.c    **** 
 282              		.loc 1 112 3 view .LVU75
 283 003e FFF7FEFF 		bl	osKernelStart
 284              	.LVL20:
 285              	.L12:
 117:Src/main.c    ****   {
 286              		.loc 1 117 3 discriminator 1 view .LVU76
 122:Src/main.c    ****   /* USER CODE END 3 */
 287              		.loc 1 122 3 discriminator 1 view .LVU77
 117:Src/main.c    ****   {
 288              		.loc 1 117 9 discriminator 1 view .LVU78
ARM GAS  C:\Users\admin\AppData\Local\Temp\cco2YoQf.s 			page 13


 289 0042 FEE7     		b	.L12
 290              		.cfi_endproc
 291              	.LFE134:
 293              		.text
 294              	.Letext0:
 295              		.file 3 "c:\\program files (x86)\\gnu arm embedded toolchain\\10 2021.10\\arm-none-eabi\\include\\
 296              		.file 4 "c:\\program files (x86)\\gnu arm embedded toolchain\\10 2021.10\\arm-none-eabi\\include\\
 297              		.file 5 "Drivers/CMSIS/Device/ST/STM32F4xx/Include/stm32f407xx.h"
 298              		.file 6 "Drivers/STM32F4xx_HAL_Driver/Inc/stm32f4xx_hal_rcc_ex.h"
 299              		.file 7 "Drivers/STM32F4xx_HAL_Driver/Inc/stm32f4xx_hal_rcc.h"
 300              		.file 8 "Drivers/STM32F4xx_HAL_Driver/Inc/stm32f4xx_hal.h"
 301              		.file 9 "Inc/gpio.h"
 302              		.file 10 "Inc/dma.h"
 303              		.file 11 "Inc/i2c.h"
 304              		.file 12 "Inc/spi.h"
 305              		.file 13 "Inc/tim.h"
 306              		.file 14 "Inc/can.h"
 307              		.file 15 "Inc/bsp_delay.h"
 308              		.file 16 "Inc/init.h"
 309              		.file 17 "Middlewares/Third_Party/FreeRTOS/Source/CMSIS_RTOS_V2/cmsis_os2.h"
 310              		.file 18 "Drivers/STM32F4xx_HAL_Driver/Inc/stm32f4xx_hal_def.h"
 311              		.file 19 "<built-in>"
ARM GAS  C:\Users\admin\AppData\Local\Temp\cco2YoQf.s 			page 14


DEFINED SYMBOLS
                            *ABS*:00000000 main.c
C:\Users\admin\AppData\Local\Temp\cco2YoQf.s:20     .text.Error_Handler:00000000 $t
C:\Users\admin\AppData\Local\Temp\cco2YoQf.s:26     .text.Error_Handler:00000000 Error_Handler
C:\Users\admin\AppData\Local\Temp\cco2YoQf.s:59     .text.SystemClock_Config:00000000 $t
C:\Users\admin\AppData\Local\Temp\cco2YoQf.s:65     .text.SystemClock_Config:00000000 SystemClock_Config
C:\Users\admin\AppData\Local\Temp\cco2YoQf.s:213    .text.SystemClock_Config:000000a0 $d
C:\Users\admin\AppData\Local\Temp\cco2YoQf.s:219    .text.main:00000000 $t
C:\Users\admin\AppData\Local\Temp\cco2YoQf.s:225    .text.main:00000000 main

UNDEFINED SYMBOLS
memset
HAL_RCC_OscConfig
HAL_RCC_ClockConfig
HAL_Init
MX_GPIO_Init
MX_DMA_Init
MX_I2C3_Init
MX_SPI1_Init
MX_TIM10_Init
MX_CAN1_Init
MX_CAN2_Init
MX_TIM1_Init
MX_TIM8_Init
delay_init
userinit
osKernelInitialize
MX_FREERTOS_Init
osKernelStart
