ARM GAS  C:\Users\admin\AppData\Local\Temp\ccKcFH7A.s 			page 1


   1              		.cpu cortex-m4
   2              		.arch armv7e-m
   3              		.fpu fpv4-sp-d16
   4              		.eabi_attribute 27, 1
   5              		.eabi_attribute 28, 1
   6              		.eabi_attribute 20, 1
   7              		.eabi_attribute 21, 1
   8              		.eabi_attribute 23, 3
   9              		.eabi_attribute 24, 1
  10              		.eabi_attribute 25, 1
  11              		.eabi_attribute 26, 1
  12              		.eabi_attribute 30, 1
  13              		.eabi_attribute 34, 1
  14              		.eabi_attribute 18, 4
  15              		.file	"spi.c"
  16              		.text
  17              	.Ltext0:
  18              		.cfi_sections	.debug_frame
  19              		.section	.text.MX_SPI1_Init,"ax",%progbits
  20              		.align	1
  21              		.global	MX_SPI1_Init
  22              		.syntax unified
  23              		.thumb
  24              		.thumb_func
  26              	MX_SPI1_Init:
  27              	.LFB134:
  28              		.file 1 "Src/spi.c"
   1:Src/spi.c     **** /* USER CODE BEGIN Header */
   2:Src/spi.c     **** /**
   3:Src/spi.c     ****   ******************************************************************************
   4:Src/spi.c     ****   * @file    spi.c
   5:Src/spi.c     ****   * @brief   This file provides code for the configuration
   6:Src/spi.c     ****   *          of the SPI instances.
   7:Src/spi.c     ****   ******************************************************************************
   8:Src/spi.c     ****   * @attention
   9:Src/spi.c     ****   *
  10:Src/spi.c     ****   * Copyright (c) 2022 STMicroelectronics.
  11:Src/spi.c     ****   * All rights reserved.
  12:Src/spi.c     ****   *
  13:Src/spi.c     ****   * This software is licensed under terms that can be found in the LICENSE file
  14:Src/spi.c     ****   * in the root directory of this software component.
  15:Src/spi.c     ****   * If no LICENSE file comes with this software, it is provided AS-IS.
  16:Src/spi.c     ****   *
  17:Src/spi.c     ****   ******************************************************************************
  18:Src/spi.c     ****   */
  19:Src/spi.c     **** /* USER CODE END Header */
  20:Src/spi.c     **** /* Includes ------------------------------------------------------------------*/
  21:Src/spi.c     **** #include "spi.h"
  22:Src/spi.c     **** 
  23:Src/spi.c     **** /* USER CODE BEGIN 0 */
  24:Src/spi.c     **** 
  25:Src/spi.c     **** /* USER CODE END 0 */
  26:Src/spi.c     **** 
  27:Src/spi.c     **** SPI_HandleTypeDef hspi1;
  28:Src/spi.c     **** DMA_HandleTypeDef hdma_spi1_rx;
  29:Src/spi.c     **** DMA_HandleTypeDef hdma_spi1_tx;
  30:Src/spi.c     **** 
ARM GAS  C:\Users\admin\AppData\Local\Temp\ccKcFH7A.s 			page 2


  31:Src/spi.c     **** /* SPI1 init function */
  32:Src/spi.c     **** void MX_SPI1_Init(void)
  33:Src/spi.c     **** {
  29              		.loc 1 33 1 view -0
  30              		.cfi_startproc
  31              		@ args = 0, pretend = 0, frame = 0
  32              		@ frame_needed = 0, uses_anonymous_args = 0
  33 0000 08B5     		push	{r3, lr}
  34              	.LCFI0:
  35              		.cfi_def_cfa_offset 8
  36              		.cfi_offset 3, -8
  37              		.cfi_offset 14, -4
  34:Src/spi.c     **** 
  35:Src/spi.c     ****   /* USER CODE BEGIN SPI1_Init 0 */
  36:Src/spi.c     **** 
  37:Src/spi.c     ****   /* USER CODE END SPI1_Init 0 */
  38:Src/spi.c     **** 
  39:Src/spi.c     ****   /* USER CODE BEGIN SPI1_Init 1 */
  40:Src/spi.c     **** 
  41:Src/spi.c     ****   /* USER CODE END SPI1_Init 1 */
  42:Src/spi.c     ****   hspi1.Instance = SPI1;
  38              		.loc 1 42 3 view .LVU1
  39              		.loc 1 42 18 is_stmt 0 view .LVU2
  40 0002 0E48     		ldr	r0, .L5
  41 0004 0E4B     		ldr	r3, .L5+4
  42 0006 0360     		str	r3, [r0]
  43:Src/spi.c     ****   hspi1.Init.Mode = SPI_MODE_MASTER;
  43              		.loc 1 43 3 is_stmt 1 view .LVU3
  44              		.loc 1 43 19 is_stmt 0 view .LVU4
  45 0008 4FF48273 		mov	r3, #260
  46 000c 4360     		str	r3, [r0, #4]
  44:Src/spi.c     ****   hspi1.Init.Direction = SPI_DIRECTION_2LINES;
  47              		.loc 1 44 3 is_stmt 1 view .LVU5
  48              		.loc 1 44 24 is_stmt 0 view .LVU6
  49 000e 0023     		movs	r3, #0
  50 0010 8360     		str	r3, [r0, #8]
  45:Src/spi.c     ****   hspi1.Init.DataSize = SPI_DATASIZE_8BIT;
  51              		.loc 1 45 3 is_stmt 1 view .LVU7
  52              		.loc 1 45 23 is_stmt 0 view .LVU8
  53 0012 C360     		str	r3, [r0, #12]
  46:Src/spi.c     ****   hspi1.Init.CLKPolarity = SPI_POLARITY_LOW;
  54              		.loc 1 46 3 is_stmt 1 view .LVU9
  55              		.loc 1 46 26 is_stmt 0 view .LVU10
  56 0014 0361     		str	r3, [r0, #16]
  47:Src/spi.c     ****   hspi1.Init.CLKPhase = SPI_PHASE_1EDGE;
  57              		.loc 1 47 3 is_stmt 1 view .LVU11
  58              		.loc 1 47 23 is_stmt 0 view .LVU12
  59 0016 4361     		str	r3, [r0, #20]
  48:Src/spi.c     ****   hspi1.Init.NSS = SPI_NSS_SOFT;
  60              		.loc 1 48 3 is_stmt 1 view .LVU13
  61              		.loc 1 48 18 is_stmt 0 view .LVU14
  62 0018 4FF40072 		mov	r2, #512
  63 001c 8261     		str	r2, [r0, #24]
  49:Src/spi.c     ****   hspi1.Init.BaudRatePrescaler = SPI_BAUDRATEPRESCALER_256;
  64              		.loc 1 49 3 is_stmt 1 view .LVU15
  65              		.loc 1 49 32 is_stmt 0 view .LVU16
  66 001e 3822     		movs	r2, #56
ARM GAS  C:\Users\admin\AppData\Local\Temp\ccKcFH7A.s 			page 3


  67 0020 C261     		str	r2, [r0, #28]
  50:Src/spi.c     ****   hspi1.Init.FirstBit = SPI_FIRSTBIT_MSB;
  68              		.loc 1 50 3 is_stmt 1 view .LVU17
  69              		.loc 1 50 23 is_stmt 0 view .LVU18
  70 0022 0362     		str	r3, [r0, #32]
  51:Src/spi.c     ****   hspi1.Init.TIMode = SPI_TIMODE_DISABLE;
  71              		.loc 1 51 3 is_stmt 1 view .LVU19
  72              		.loc 1 51 21 is_stmt 0 view .LVU20
  73 0024 4362     		str	r3, [r0, #36]
  52:Src/spi.c     ****   hspi1.Init.CRCCalculation = SPI_CRCCALCULATION_DISABLE;
  74              		.loc 1 52 3 is_stmt 1 view .LVU21
  75              		.loc 1 52 29 is_stmt 0 view .LVU22
  76 0026 8362     		str	r3, [r0, #40]
  53:Src/spi.c     ****   hspi1.Init.CRCPolynomial = 10;
  77              		.loc 1 53 3 is_stmt 1 view .LVU23
  78              		.loc 1 53 28 is_stmt 0 view .LVU24
  79 0028 0A23     		movs	r3, #10
  80 002a C362     		str	r3, [r0, #44]
  54:Src/spi.c     ****   if (HAL_SPI_Init(&hspi1) != HAL_OK)
  81              		.loc 1 54 3 is_stmt 1 view .LVU25
  82              		.loc 1 54 7 is_stmt 0 view .LVU26
  83 002c FFF7FEFF 		bl	HAL_SPI_Init
  84              	.LVL0:
  85              		.loc 1 54 6 view .LVU27
  86 0030 00B9     		cbnz	r0, .L4
  87              	.L1:
  55:Src/spi.c     ****   {
  56:Src/spi.c     ****     Error_Handler();
  57:Src/spi.c     ****   }
  58:Src/spi.c     ****   /* USER CODE BEGIN SPI1_Init 2 */
  59:Src/spi.c     **** 
  60:Src/spi.c     ****   /* USER CODE END SPI1_Init 2 */
  61:Src/spi.c     **** 
  62:Src/spi.c     **** }
  88              		.loc 1 62 1 view .LVU28
  89 0032 08BD     		pop	{r3, pc}
  90              	.L4:
  56:Src/spi.c     ****   }
  91              		.loc 1 56 5 is_stmt 1 view .LVU29
  92 0034 FFF7FEFF 		bl	Error_Handler
  93              	.LVL1:
  94              		.loc 1 62 1 is_stmt 0 view .LVU30
  95 0038 FBE7     		b	.L1
  96              	.L6:
  97 003a 00BF     		.align	2
  98              	.L5:
  99 003c 00000000 		.word	.LANCHOR0
 100 0040 00300140 		.word	1073819648
 101              		.cfi_endproc
 102              	.LFE134:
 104              		.section	.text.HAL_SPI_MspInit,"ax",%progbits
 105              		.align	1
 106              		.global	HAL_SPI_MspInit
 107              		.syntax unified
 108              		.thumb
 109              		.thumb_func
 111              	HAL_SPI_MspInit:
ARM GAS  C:\Users\admin\AppData\Local\Temp\ccKcFH7A.s 			page 4


 112              	.LVL2:
 113              	.LFB135:
  63:Src/spi.c     **** 
  64:Src/spi.c     **** void HAL_SPI_MspInit(SPI_HandleTypeDef* spiHandle)
  65:Src/spi.c     **** {
 114              		.loc 1 65 1 is_stmt 1 view -0
 115              		.cfi_startproc
 116              		@ args = 0, pretend = 0, frame = 32
 117              		@ frame_needed = 0, uses_anonymous_args = 0
 118              		.loc 1 65 1 is_stmt 0 view .LVU32
 119 0000 2DE9F043 		push	{r4, r5, r6, r7, r8, r9, lr}
 120              	.LCFI1:
 121              		.cfi_def_cfa_offset 28
 122              		.cfi_offset 4, -28
 123              		.cfi_offset 5, -24
 124              		.cfi_offset 6, -20
 125              		.cfi_offset 7, -16
 126              		.cfi_offset 8, -12
 127              		.cfi_offset 9, -8
 128              		.cfi_offset 14, -4
 129 0004 89B0     		sub	sp, sp, #36
 130              	.LCFI2:
 131              		.cfi_def_cfa_offset 64
  66:Src/spi.c     **** 
  67:Src/spi.c     ****   GPIO_InitTypeDef GPIO_InitStruct = {0};
 132              		.loc 1 67 3 is_stmt 1 view .LVU33
 133              		.loc 1 67 20 is_stmt 0 view .LVU34
 134 0006 0023     		movs	r3, #0
 135 0008 0393     		str	r3, [sp, #12]
 136 000a 0493     		str	r3, [sp, #16]
 137 000c 0593     		str	r3, [sp, #20]
 138 000e 0693     		str	r3, [sp, #24]
 139 0010 0793     		str	r3, [sp, #28]
  68:Src/spi.c     ****   if(spiHandle->Instance==SPI1)
 140              		.loc 1 68 3 is_stmt 1 view .LVU35
 141              		.loc 1 68 15 is_stmt 0 view .LVU36
 142 0012 0268     		ldr	r2, [r0]
 143              		.loc 1 68 5 view .LVU37
 144 0014 3F4B     		ldr	r3, .L15
 145 0016 9A42     		cmp	r2, r3
 146 0018 02D0     		beq	.L12
 147              	.LVL3:
 148              	.L7:
  69:Src/spi.c     ****   {
  70:Src/spi.c     ****   /* USER CODE BEGIN SPI1_MspInit 0 */
  71:Src/spi.c     **** 
  72:Src/spi.c     ****   /* USER CODE END SPI1_MspInit 0 */
  73:Src/spi.c     ****     /* SPI1 clock enable */
  74:Src/spi.c     ****     __HAL_RCC_SPI1_CLK_ENABLE();
  75:Src/spi.c     **** 
  76:Src/spi.c     ****     __HAL_RCC_GPIOB_CLK_ENABLE();
  77:Src/spi.c     ****     __HAL_RCC_GPIOA_CLK_ENABLE();
  78:Src/spi.c     ****     /**SPI1 GPIO Configuration
  79:Src/spi.c     ****     PB4     ------> SPI1_MISO
  80:Src/spi.c     ****     PB3     ------> SPI1_SCK
  81:Src/spi.c     ****     PA7     ------> SPI1_MOSI
  82:Src/spi.c     ****     */
ARM GAS  C:\Users\admin\AppData\Local\Temp\ccKcFH7A.s 			page 5


  83:Src/spi.c     ****     GPIO_InitStruct.Pin = GPIO_PIN_4|GPIO_PIN_3;
  84:Src/spi.c     ****     GPIO_InitStruct.Mode = GPIO_MODE_AF_PP;
  85:Src/spi.c     ****     GPIO_InitStruct.Pull = GPIO_PULLUP;
  86:Src/spi.c     ****     GPIO_InitStruct.Speed = GPIO_SPEED_FREQ_VERY_HIGH;
  87:Src/spi.c     ****     GPIO_InitStruct.Alternate = GPIO_AF5_SPI1;
  88:Src/spi.c     ****     HAL_GPIO_Init(GPIOB, &GPIO_InitStruct);
  89:Src/spi.c     **** 
  90:Src/spi.c     ****     GPIO_InitStruct.Pin = GPIO_PIN_7;
  91:Src/spi.c     ****     GPIO_InitStruct.Mode = GPIO_MODE_AF_PP;
  92:Src/spi.c     ****     GPIO_InitStruct.Pull = GPIO_PULLUP;
  93:Src/spi.c     ****     GPIO_InitStruct.Speed = GPIO_SPEED_FREQ_VERY_HIGH;
  94:Src/spi.c     ****     GPIO_InitStruct.Alternate = GPIO_AF5_SPI1;
  95:Src/spi.c     ****     HAL_GPIO_Init(GPIOA, &GPIO_InitStruct);
  96:Src/spi.c     **** 
  97:Src/spi.c     ****     /* SPI1 DMA Init */
  98:Src/spi.c     ****     /* SPI1_RX Init */
  99:Src/spi.c     ****     hdma_spi1_rx.Instance = DMA2_Stream2;
 100:Src/spi.c     ****     hdma_spi1_rx.Init.Channel = DMA_CHANNEL_3;
 101:Src/spi.c     ****     hdma_spi1_rx.Init.Direction = DMA_PERIPH_TO_MEMORY;
 102:Src/spi.c     ****     hdma_spi1_rx.Init.PeriphInc = DMA_PINC_DISABLE;
 103:Src/spi.c     ****     hdma_spi1_rx.Init.MemInc = DMA_MINC_ENABLE;
 104:Src/spi.c     ****     hdma_spi1_rx.Init.PeriphDataAlignment = DMA_PDATAALIGN_BYTE;
 105:Src/spi.c     ****     hdma_spi1_rx.Init.MemDataAlignment = DMA_MDATAALIGN_BYTE;
 106:Src/spi.c     ****     hdma_spi1_rx.Init.Mode = DMA_NORMAL;
 107:Src/spi.c     ****     hdma_spi1_rx.Init.Priority = DMA_PRIORITY_VERY_HIGH;
 108:Src/spi.c     ****     hdma_spi1_rx.Init.FIFOMode = DMA_FIFOMODE_DISABLE;
 109:Src/spi.c     ****     if (HAL_DMA_Init(&hdma_spi1_rx) != HAL_OK)
 110:Src/spi.c     ****     {
 111:Src/spi.c     ****       Error_Handler();
 112:Src/spi.c     ****     }
 113:Src/spi.c     **** 
 114:Src/spi.c     ****     __HAL_LINKDMA(spiHandle,hdmarx,hdma_spi1_rx);
 115:Src/spi.c     **** 
 116:Src/spi.c     ****     /* SPI1_TX Init */
 117:Src/spi.c     ****     hdma_spi1_tx.Instance = DMA2_Stream3;
 118:Src/spi.c     ****     hdma_spi1_tx.Init.Channel = DMA_CHANNEL_3;
 119:Src/spi.c     ****     hdma_spi1_tx.Init.Direction = DMA_MEMORY_TO_PERIPH;
 120:Src/spi.c     ****     hdma_spi1_tx.Init.PeriphInc = DMA_PINC_DISABLE;
 121:Src/spi.c     ****     hdma_spi1_tx.Init.MemInc = DMA_MINC_ENABLE;
 122:Src/spi.c     ****     hdma_spi1_tx.Init.PeriphDataAlignment = DMA_PDATAALIGN_BYTE;
 123:Src/spi.c     ****     hdma_spi1_tx.Init.MemDataAlignment = DMA_MDATAALIGN_BYTE;
 124:Src/spi.c     ****     hdma_spi1_tx.Init.Mode = DMA_NORMAL;
 125:Src/spi.c     ****     hdma_spi1_tx.Init.Priority = DMA_PRIORITY_HIGH;
 126:Src/spi.c     ****     hdma_spi1_tx.Init.FIFOMode = DMA_FIFOMODE_DISABLE;
 127:Src/spi.c     ****     if (HAL_DMA_Init(&hdma_spi1_tx) != HAL_OK)
 128:Src/spi.c     ****     {
 129:Src/spi.c     ****       Error_Handler();
 130:Src/spi.c     ****     }
 131:Src/spi.c     **** 
 132:Src/spi.c     ****     __HAL_LINKDMA(spiHandle,hdmatx,hdma_spi1_tx);
 133:Src/spi.c     **** 
 134:Src/spi.c     ****   /* USER CODE BEGIN SPI1_MspInit 1 */
 135:Src/spi.c     **** 
 136:Src/spi.c     ****   /* USER CODE END SPI1_MspInit 1 */
 137:Src/spi.c     ****   }
 138:Src/spi.c     **** }
 149              		.loc 1 138 1 view .LVU38
ARM GAS  C:\Users\admin\AppData\Local\Temp\ccKcFH7A.s 			page 6


 150 001a 09B0     		add	sp, sp, #36
 151              	.LCFI3:
 152              		.cfi_remember_state
 153              		.cfi_def_cfa_offset 28
 154              		@ sp needed
 155 001c BDE8F083 		pop	{r4, r5, r6, r7, r8, r9, pc}
 156              	.LVL4:
 157              	.L12:
 158              	.LCFI4:
 159              		.cfi_restore_state
 160              		.loc 1 138 1 view .LVU39
 161 0020 0446     		mov	r4, r0
  74:Src/spi.c     **** 
 162              		.loc 1 74 5 is_stmt 1 view .LVU40
 163              	.LBB2:
  74:Src/spi.c     **** 
 164              		.loc 1 74 5 view .LVU41
 165 0022 0025     		movs	r5, #0
 166 0024 0095     		str	r5, [sp]
  74:Src/spi.c     **** 
 167              		.loc 1 74 5 view .LVU42
 168 0026 03F58433 		add	r3, r3, #67584
 169 002a 5A6C     		ldr	r2, [r3, #68]
 170 002c 42F48052 		orr	r2, r2, #4096
 171 0030 5A64     		str	r2, [r3, #68]
  74:Src/spi.c     **** 
 172              		.loc 1 74 5 view .LVU43
 173 0032 5A6C     		ldr	r2, [r3, #68]
 174 0034 02F48052 		and	r2, r2, #4096
 175 0038 0092     		str	r2, [sp]
  74:Src/spi.c     **** 
 176              		.loc 1 74 5 view .LVU44
 177 003a 009A     		ldr	r2, [sp]
 178              	.LBE2:
  74:Src/spi.c     **** 
 179              		.loc 1 74 5 view .LVU45
  76:Src/spi.c     ****     __HAL_RCC_GPIOA_CLK_ENABLE();
 180              		.loc 1 76 5 view .LVU46
 181              	.LBB3:
  76:Src/spi.c     ****     __HAL_RCC_GPIOA_CLK_ENABLE();
 182              		.loc 1 76 5 view .LVU47
 183 003c 0195     		str	r5, [sp, #4]
  76:Src/spi.c     ****     __HAL_RCC_GPIOA_CLK_ENABLE();
 184              		.loc 1 76 5 view .LVU48
 185 003e 1A6B     		ldr	r2, [r3, #48]
 186 0040 42F00202 		orr	r2, r2, #2
 187 0044 1A63     		str	r2, [r3, #48]
  76:Src/spi.c     ****     __HAL_RCC_GPIOA_CLK_ENABLE();
 188              		.loc 1 76 5 view .LVU49
 189 0046 1A6B     		ldr	r2, [r3, #48]
 190 0048 02F00202 		and	r2, r2, #2
 191 004c 0192     		str	r2, [sp, #4]
  76:Src/spi.c     ****     __HAL_RCC_GPIOA_CLK_ENABLE();
 192              		.loc 1 76 5 view .LVU50
 193 004e 019A     		ldr	r2, [sp, #4]
 194              	.LBE3:
  76:Src/spi.c     ****     __HAL_RCC_GPIOA_CLK_ENABLE();
ARM GAS  C:\Users\admin\AppData\Local\Temp\ccKcFH7A.s 			page 7


 195              		.loc 1 76 5 view .LVU51
  77:Src/spi.c     ****     /**SPI1 GPIO Configuration
 196              		.loc 1 77 5 view .LVU52
 197              	.LBB4:
  77:Src/spi.c     ****     /**SPI1 GPIO Configuration
 198              		.loc 1 77 5 view .LVU53
 199 0050 0295     		str	r5, [sp, #8]
  77:Src/spi.c     ****     /**SPI1 GPIO Configuration
 200              		.loc 1 77 5 view .LVU54
 201 0052 1A6B     		ldr	r2, [r3, #48]
 202 0054 42F00102 		orr	r2, r2, #1
 203 0058 1A63     		str	r2, [r3, #48]
  77:Src/spi.c     ****     /**SPI1 GPIO Configuration
 204              		.loc 1 77 5 view .LVU55
 205 005a 1B6B     		ldr	r3, [r3, #48]
 206 005c 03F00103 		and	r3, r3, #1
 207 0060 0293     		str	r3, [sp, #8]
  77:Src/spi.c     ****     /**SPI1 GPIO Configuration
 208              		.loc 1 77 5 view .LVU56
 209 0062 029B     		ldr	r3, [sp, #8]
 210              	.LBE4:
  77:Src/spi.c     ****     /**SPI1 GPIO Configuration
 211              		.loc 1 77 5 view .LVU57
  83:Src/spi.c     ****     GPIO_InitStruct.Mode = GPIO_MODE_AF_PP;
 212              		.loc 1 83 5 view .LVU58
  83:Src/spi.c     ****     GPIO_InitStruct.Mode = GPIO_MODE_AF_PP;
 213              		.loc 1 83 25 is_stmt 0 view .LVU59
 214 0064 1823     		movs	r3, #24
 215 0066 0393     		str	r3, [sp, #12]
  84:Src/spi.c     ****     GPIO_InitStruct.Pull = GPIO_PULLUP;
 216              		.loc 1 84 5 is_stmt 1 view .LVU60
  84:Src/spi.c     ****     GPIO_InitStruct.Pull = GPIO_PULLUP;
 217              		.loc 1 84 26 is_stmt 0 view .LVU61
 218 0068 4FF00209 		mov	r9, #2
 219 006c CDF81090 		str	r9, [sp, #16]
  85:Src/spi.c     ****     GPIO_InitStruct.Speed = GPIO_SPEED_FREQ_VERY_HIGH;
 220              		.loc 1 85 5 is_stmt 1 view .LVU62
  85:Src/spi.c     ****     GPIO_InitStruct.Speed = GPIO_SPEED_FREQ_VERY_HIGH;
 221              		.loc 1 85 26 is_stmt 0 view .LVU63
 222 0070 4FF00108 		mov	r8, #1
 223 0074 CDF81480 		str	r8, [sp, #20]
  86:Src/spi.c     ****     GPIO_InitStruct.Alternate = GPIO_AF5_SPI1;
 224              		.loc 1 86 5 is_stmt 1 view .LVU64
  86:Src/spi.c     ****     GPIO_InitStruct.Alternate = GPIO_AF5_SPI1;
 225              		.loc 1 86 27 is_stmt 0 view .LVU65
 226 0078 0327     		movs	r7, #3
 227 007a 0697     		str	r7, [sp, #24]
  87:Src/spi.c     ****     HAL_GPIO_Init(GPIOB, &GPIO_InitStruct);
 228              		.loc 1 87 5 is_stmt 1 view .LVU66
  87:Src/spi.c     ****     HAL_GPIO_Init(GPIOB, &GPIO_InitStruct);
 229              		.loc 1 87 31 is_stmt 0 view .LVU67
 230 007c 0526     		movs	r6, #5
 231 007e 0796     		str	r6, [sp, #28]
  88:Src/spi.c     **** 
 232              		.loc 1 88 5 is_stmt 1 view .LVU68
 233 0080 03A9     		add	r1, sp, #12
 234 0082 2548     		ldr	r0, .L15+4
ARM GAS  C:\Users\admin\AppData\Local\Temp\ccKcFH7A.s 			page 8


 235              	.LVL5:
  88:Src/spi.c     **** 
 236              		.loc 1 88 5 is_stmt 0 view .LVU69
 237 0084 FFF7FEFF 		bl	HAL_GPIO_Init
 238              	.LVL6:
  90:Src/spi.c     ****     GPIO_InitStruct.Mode = GPIO_MODE_AF_PP;
 239              		.loc 1 90 5 is_stmt 1 view .LVU70
  90:Src/spi.c     ****     GPIO_InitStruct.Mode = GPIO_MODE_AF_PP;
 240              		.loc 1 90 25 is_stmt 0 view .LVU71
 241 0088 8023     		movs	r3, #128
 242 008a 0393     		str	r3, [sp, #12]
  91:Src/spi.c     ****     GPIO_InitStruct.Pull = GPIO_PULLUP;
 243              		.loc 1 91 5 is_stmt 1 view .LVU72
  91:Src/spi.c     ****     GPIO_InitStruct.Pull = GPIO_PULLUP;
 244              		.loc 1 91 26 is_stmt 0 view .LVU73
 245 008c CDF81090 		str	r9, [sp, #16]
  92:Src/spi.c     ****     GPIO_InitStruct.Speed = GPIO_SPEED_FREQ_VERY_HIGH;
 246              		.loc 1 92 5 is_stmt 1 view .LVU74
  92:Src/spi.c     ****     GPIO_InitStruct.Speed = GPIO_SPEED_FREQ_VERY_HIGH;
 247              		.loc 1 92 26 is_stmt 0 view .LVU75
 248 0090 CDF81480 		str	r8, [sp, #20]
  93:Src/spi.c     ****     GPIO_InitStruct.Alternate = GPIO_AF5_SPI1;
 249              		.loc 1 93 5 is_stmt 1 view .LVU76
  93:Src/spi.c     ****     GPIO_InitStruct.Alternate = GPIO_AF5_SPI1;
 250              		.loc 1 93 27 is_stmt 0 view .LVU77
 251 0094 0697     		str	r7, [sp, #24]
  94:Src/spi.c     ****     HAL_GPIO_Init(GPIOA, &GPIO_InitStruct);
 252              		.loc 1 94 5 is_stmt 1 view .LVU78
  94:Src/spi.c     ****     HAL_GPIO_Init(GPIOA, &GPIO_InitStruct);
 253              		.loc 1 94 31 is_stmt 0 view .LVU79
 254 0096 0796     		str	r6, [sp, #28]
  95:Src/spi.c     **** 
 255              		.loc 1 95 5 is_stmt 1 view .LVU80
 256 0098 03A9     		add	r1, sp, #12
 257 009a 2048     		ldr	r0, .L15+8
 258 009c FFF7FEFF 		bl	HAL_GPIO_Init
 259              	.LVL7:
  99:Src/spi.c     ****     hdma_spi1_rx.Init.Channel = DMA_CHANNEL_3;
 260              		.loc 1 99 5 view .LVU81
  99:Src/spi.c     ****     hdma_spi1_rx.Init.Channel = DMA_CHANNEL_3;
 261              		.loc 1 99 27 is_stmt 0 view .LVU82
 262 00a0 1F48     		ldr	r0, .L15+12
 263 00a2 204B     		ldr	r3, .L15+16
 264 00a4 0360     		str	r3, [r0]
 100:Src/spi.c     ****     hdma_spi1_rx.Init.Direction = DMA_PERIPH_TO_MEMORY;
 265              		.loc 1 100 5 is_stmt 1 view .LVU83
 100:Src/spi.c     ****     hdma_spi1_rx.Init.Direction = DMA_PERIPH_TO_MEMORY;
 266              		.loc 1 100 31 is_stmt 0 view .LVU84
 267 00a6 4FF0C063 		mov	r3, #100663296
 268 00aa 4360     		str	r3, [r0, #4]
 101:Src/spi.c     ****     hdma_spi1_rx.Init.PeriphInc = DMA_PINC_DISABLE;
 269              		.loc 1 101 5 is_stmt 1 view .LVU85
 101:Src/spi.c     ****     hdma_spi1_rx.Init.PeriphInc = DMA_PINC_DISABLE;
 270              		.loc 1 101 33 is_stmt 0 view .LVU86
 271 00ac 8560     		str	r5, [r0, #8]
 102:Src/spi.c     ****     hdma_spi1_rx.Init.MemInc = DMA_MINC_ENABLE;
 272              		.loc 1 102 5 is_stmt 1 view .LVU87
ARM GAS  C:\Users\admin\AppData\Local\Temp\ccKcFH7A.s 			page 9


 102:Src/spi.c     ****     hdma_spi1_rx.Init.MemInc = DMA_MINC_ENABLE;
 273              		.loc 1 102 33 is_stmt 0 view .LVU88
 274 00ae C560     		str	r5, [r0, #12]
 103:Src/spi.c     ****     hdma_spi1_rx.Init.PeriphDataAlignment = DMA_PDATAALIGN_BYTE;
 275              		.loc 1 103 5 is_stmt 1 view .LVU89
 103:Src/spi.c     ****     hdma_spi1_rx.Init.PeriphDataAlignment = DMA_PDATAALIGN_BYTE;
 276              		.loc 1 103 30 is_stmt 0 view .LVU90
 277 00b0 4FF48063 		mov	r3, #1024
 278 00b4 0361     		str	r3, [r0, #16]
 104:Src/spi.c     ****     hdma_spi1_rx.Init.MemDataAlignment = DMA_MDATAALIGN_BYTE;
 279              		.loc 1 104 5 is_stmt 1 view .LVU91
 104:Src/spi.c     ****     hdma_spi1_rx.Init.MemDataAlignment = DMA_MDATAALIGN_BYTE;
 280              		.loc 1 104 43 is_stmt 0 view .LVU92
 281 00b6 4561     		str	r5, [r0, #20]
 105:Src/spi.c     ****     hdma_spi1_rx.Init.Mode = DMA_NORMAL;
 282              		.loc 1 105 5 is_stmt 1 view .LVU93
 105:Src/spi.c     ****     hdma_spi1_rx.Init.Mode = DMA_NORMAL;
 283              		.loc 1 105 40 is_stmt 0 view .LVU94
 284 00b8 8561     		str	r5, [r0, #24]
 106:Src/spi.c     ****     hdma_spi1_rx.Init.Priority = DMA_PRIORITY_VERY_HIGH;
 285              		.loc 1 106 5 is_stmt 1 view .LVU95
 106:Src/spi.c     ****     hdma_spi1_rx.Init.Priority = DMA_PRIORITY_VERY_HIGH;
 286              		.loc 1 106 28 is_stmt 0 view .LVU96
 287 00ba C561     		str	r5, [r0, #28]
 107:Src/spi.c     ****     hdma_spi1_rx.Init.FIFOMode = DMA_FIFOMODE_DISABLE;
 288              		.loc 1 107 5 is_stmt 1 view .LVU97
 107:Src/spi.c     ****     hdma_spi1_rx.Init.FIFOMode = DMA_FIFOMODE_DISABLE;
 289              		.loc 1 107 32 is_stmt 0 view .LVU98
 290 00bc 4FF44033 		mov	r3, #196608
 291 00c0 0362     		str	r3, [r0, #32]
 108:Src/spi.c     ****     if (HAL_DMA_Init(&hdma_spi1_rx) != HAL_OK)
 292              		.loc 1 108 5 is_stmt 1 view .LVU99
 108:Src/spi.c     ****     if (HAL_DMA_Init(&hdma_spi1_rx) != HAL_OK)
 293              		.loc 1 108 32 is_stmt 0 view .LVU100
 294 00c2 4562     		str	r5, [r0, #36]
 109:Src/spi.c     ****     {
 295              		.loc 1 109 5 is_stmt 1 view .LVU101
 109:Src/spi.c     ****     {
 296              		.loc 1 109 9 is_stmt 0 view .LVU102
 297 00c4 FFF7FEFF 		bl	HAL_DMA_Init
 298              	.LVL8:
 109:Src/spi.c     ****     {
 299              		.loc 1 109 8 view .LVU103
 300 00c8 E8B9     		cbnz	r0, .L13
 301              	.L9:
 114:Src/spi.c     **** 
 302              		.loc 1 114 5 is_stmt 1 view .LVU104
 114:Src/spi.c     **** 
 303              		.loc 1 114 5 view .LVU105
 304 00ca 154B     		ldr	r3, .L15+12
 305 00cc E364     		str	r3, [r4, #76]
 114:Src/spi.c     **** 
 306              		.loc 1 114 5 view .LVU106
 307 00ce 9C63     		str	r4, [r3, #56]
 114:Src/spi.c     **** 
 308              		.loc 1 114 5 view .LVU107
 117:Src/spi.c     ****     hdma_spi1_tx.Init.Channel = DMA_CHANNEL_3;
ARM GAS  C:\Users\admin\AppData\Local\Temp\ccKcFH7A.s 			page 10


 309              		.loc 1 117 5 view .LVU108
 117:Src/spi.c     ****     hdma_spi1_tx.Init.Channel = DMA_CHANNEL_3;
 310              		.loc 1 117 27 is_stmt 0 view .LVU109
 311 00d0 1548     		ldr	r0, .L15+20
 312 00d2 164B     		ldr	r3, .L15+24
 313 00d4 0360     		str	r3, [r0]
 118:Src/spi.c     ****     hdma_spi1_tx.Init.Direction = DMA_MEMORY_TO_PERIPH;
 314              		.loc 1 118 5 is_stmt 1 view .LVU110
 118:Src/spi.c     ****     hdma_spi1_tx.Init.Direction = DMA_MEMORY_TO_PERIPH;
 315              		.loc 1 118 31 is_stmt 0 view .LVU111
 316 00d6 4FF0C063 		mov	r3, #100663296
 317 00da 4360     		str	r3, [r0, #4]
 119:Src/spi.c     ****     hdma_spi1_tx.Init.PeriphInc = DMA_PINC_DISABLE;
 318              		.loc 1 119 5 is_stmt 1 view .LVU112
 119:Src/spi.c     ****     hdma_spi1_tx.Init.PeriphInc = DMA_PINC_DISABLE;
 319              		.loc 1 119 33 is_stmt 0 view .LVU113
 320 00dc 4023     		movs	r3, #64
 321 00de 8360     		str	r3, [r0, #8]
 120:Src/spi.c     ****     hdma_spi1_tx.Init.MemInc = DMA_MINC_ENABLE;
 322              		.loc 1 120 5 is_stmt 1 view .LVU114
 120:Src/spi.c     ****     hdma_spi1_tx.Init.MemInc = DMA_MINC_ENABLE;
 323              		.loc 1 120 33 is_stmt 0 view .LVU115
 324 00e0 0023     		movs	r3, #0
 325 00e2 C360     		str	r3, [r0, #12]
 121:Src/spi.c     ****     hdma_spi1_tx.Init.PeriphDataAlignment = DMA_PDATAALIGN_BYTE;
 326              		.loc 1 121 5 is_stmt 1 view .LVU116
 121:Src/spi.c     ****     hdma_spi1_tx.Init.PeriphDataAlignment = DMA_PDATAALIGN_BYTE;
 327              		.loc 1 121 30 is_stmt 0 view .LVU117
 328 00e4 4FF48062 		mov	r2, #1024
 329 00e8 0261     		str	r2, [r0, #16]
 122:Src/spi.c     ****     hdma_spi1_tx.Init.MemDataAlignment = DMA_MDATAALIGN_BYTE;
 330              		.loc 1 122 5 is_stmt 1 view .LVU118
 122:Src/spi.c     ****     hdma_spi1_tx.Init.MemDataAlignment = DMA_MDATAALIGN_BYTE;
 331              		.loc 1 122 43 is_stmt 0 view .LVU119
 332 00ea 4361     		str	r3, [r0, #20]
 123:Src/spi.c     ****     hdma_spi1_tx.Init.Mode = DMA_NORMAL;
 333              		.loc 1 123 5 is_stmt 1 view .LVU120
 123:Src/spi.c     ****     hdma_spi1_tx.Init.Mode = DMA_NORMAL;
 334              		.loc 1 123 40 is_stmt 0 view .LVU121
 335 00ec 8361     		str	r3, [r0, #24]
 124:Src/spi.c     ****     hdma_spi1_tx.Init.Priority = DMA_PRIORITY_HIGH;
 336              		.loc 1 124 5 is_stmt 1 view .LVU122
 124:Src/spi.c     ****     hdma_spi1_tx.Init.Priority = DMA_PRIORITY_HIGH;
 337              		.loc 1 124 28 is_stmt 0 view .LVU123
 338 00ee C361     		str	r3, [r0, #28]
 125:Src/spi.c     ****     hdma_spi1_tx.Init.FIFOMode = DMA_FIFOMODE_DISABLE;
 339              		.loc 1 125 5 is_stmt 1 view .LVU124
 125:Src/spi.c     ****     hdma_spi1_tx.Init.FIFOMode = DMA_FIFOMODE_DISABLE;
 340              		.loc 1 125 32 is_stmt 0 view .LVU125
 341 00f0 4FF40032 		mov	r2, #131072
 342 00f4 0262     		str	r2, [r0, #32]
 126:Src/spi.c     ****     if (HAL_DMA_Init(&hdma_spi1_tx) != HAL_OK)
 343              		.loc 1 126 5 is_stmt 1 view .LVU126
 126:Src/spi.c     ****     if (HAL_DMA_Init(&hdma_spi1_tx) != HAL_OK)
 344              		.loc 1 126 32 is_stmt 0 view .LVU127
 345 00f6 4362     		str	r3, [r0, #36]
 127:Src/spi.c     ****     {
ARM GAS  C:\Users\admin\AppData\Local\Temp\ccKcFH7A.s 			page 11


 346              		.loc 1 127 5 is_stmt 1 view .LVU128
 127:Src/spi.c     ****     {
 347              		.loc 1 127 9 is_stmt 0 view .LVU129
 348 00f8 FFF7FEFF 		bl	HAL_DMA_Init
 349              	.LVL9:
 127:Src/spi.c     ****     {
 350              		.loc 1 127 8 view .LVU130
 351 00fc 30B9     		cbnz	r0, .L14
 352              	.L10:
 132:Src/spi.c     **** 
 353              		.loc 1 132 5 is_stmt 1 view .LVU131
 132:Src/spi.c     **** 
 354              		.loc 1 132 5 view .LVU132
 355 00fe 0A4B     		ldr	r3, .L15+20
 356 0100 A364     		str	r3, [r4, #72]
 132:Src/spi.c     **** 
 357              		.loc 1 132 5 view .LVU133
 358 0102 9C63     		str	r4, [r3, #56]
 132:Src/spi.c     **** 
 359              		.loc 1 132 5 view .LVU134
 360              		.loc 1 138 1 is_stmt 0 view .LVU135
 361 0104 89E7     		b	.L7
 362              	.L13:
 111:Src/spi.c     ****     }
 363              		.loc 1 111 7 is_stmt 1 view .LVU136
 364 0106 FFF7FEFF 		bl	Error_Handler
 365              	.LVL10:
 366 010a DEE7     		b	.L9
 367              	.L14:
 129:Src/spi.c     ****     }
 368              		.loc 1 129 7 view .LVU137
 369 010c FFF7FEFF 		bl	Error_Handler
 370              	.LVL11:
 371 0110 F5E7     		b	.L10
 372              	.L16:
 373 0112 00BF     		.align	2
 374              	.L15:
 375 0114 00300140 		.word	1073819648
 376 0118 00040240 		.word	1073873920
 377 011c 00000240 		.word	1073872896
 378 0120 00000000 		.word	.LANCHOR1
 379 0124 40640240 		.word	1073898560
 380 0128 00000000 		.word	.LANCHOR2
 381 012c 58640240 		.word	1073898584
 382              		.cfi_endproc
 383              	.LFE135:
 385              		.section	.text.HAL_SPI_MspDeInit,"ax",%progbits
 386              		.align	1
 387              		.global	HAL_SPI_MspDeInit
 388              		.syntax unified
 389              		.thumb
 390              		.thumb_func
 392              	HAL_SPI_MspDeInit:
 393              	.LVL12:
 394              	.LFB136:
 139:Src/spi.c     **** 
 140:Src/spi.c     **** void HAL_SPI_MspDeInit(SPI_HandleTypeDef* spiHandle)
ARM GAS  C:\Users\admin\AppData\Local\Temp\ccKcFH7A.s 			page 12


 141:Src/spi.c     **** {
 395              		.loc 1 141 1 view -0
 396              		.cfi_startproc
 397              		@ args = 0, pretend = 0, frame = 0
 398              		@ frame_needed = 0, uses_anonymous_args = 0
 142:Src/spi.c     **** 
 143:Src/spi.c     ****   if(spiHandle->Instance==SPI1)
 399              		.loc 1 143 3 view .LVU139
 400              		.loc 1 143 15 is_stmt 0 view .LVU140
 401 0000 0268     		ldr	r2, [r0]
 402              		.loc 1 143 5 view .LVU141
 403 0002 0D4B     		ldr	r3, .L24
 404 0004 9A42     		cmp	r2, r3
 405 0006 00D0     		beq	.L23
 406 0008 7047     		bx	lr
 407              	.L23:
 141:Src/spi.c     **** 
 408              		.loc 1 141 1 view .LVU142
 409 000a 10B5     		push	{r4, lr}
 410              	.LCFI5:
 411              		.cfi_def_cfa_offset 8
 412              		.cfi_offset 4, -8
 413              		.cfi_offset 14, -4
 414 000c 0446     		mov	r4, r0
 144:Src/spi.c     ****   {
 145:Src/spi.c     ****   /* USER CODE BEGIN SPI1_MspDeInit 0 */
 146:Src/spi.c     **** 
 147:Src/spi.c     ****   /* USER CODE END SPI1_MspDeInit 0 */
 148:Src/spi.c     ****     /* Peripheral clock disable */
 149:Src/spi.c     ****     __HAL_RCC_SPI1_CLK_DISABLE();
 415              		.loc 1 149 5 is_stmt 1 view .LVU143
 416 000e 0B4A     		ldr	r2, .L24+4
 417 0010 536C     		ldr	r3, [r2, #68]
 418 0012 23F48053 		bic	r3, r3, #4096
 419 0016 5364     		str	r3, [r2, #68]
 150:Src/spi.c     **** 
 151:Src/spi.c     ****     /**SPI1 GPIO Configuration
 152:Src/spi.c     ****     PB4     ------> SPI1_MISO
 153:Src/spi.c     ****     PB3     ------> SPI1_SCK
 154:Src/spi.c     ****     PA7     ------> SPI1_MOSI
 155:Src/spi.c     ****     */
 156:Src/spi.c     ****     HAL_GPIO_DeInit(GPIOB, GPIO_PIN_4|GPIO_PIN_3);
 420              		.loc 1 156 5 view .LVU144
 421 0018 1821     		movs	r1, #24
 422 001a 0948     		ldr	r0, .L24+8
 423              	.LVL13:
 424              		.loc 1 156 5 is_stmt 0 view .LVU145
 425 001c FFF7FEFF 		bl	HAL_GPIO_DeInit
 426              	.LVL14:
 157:Src/spi.c     **** 
 158:Src/spi.c     ****     HAL_GPIO_DeInit(GPIOA, GPIO_PIN_7);
 427              		.loc 1 158 5 is_stmt 1 view .LVU146
 428 0020 8021     		movs	r1, #128
 429 0022 0848     		ldr	r0, .L24+12
 430 0024 FFF7FEFF 		bl	HAL_GPIO_DeInit
 431              	.LVL15:
 159:Src/spi.c     **** 
ARM GAS  C:\Users\admin\AppData\Local\Temp\ccKcFH7A.s 			page 13


 160:Src/spi.c     ****     /* SPI1 DMA DeInit */
 161:Src/spi.c     ****     HAL_DMA_DeInit(spiHandle->hdmarx);
 432              		.loc 1 161 5 view .LVU147
 433 0028 E06C     		ldr	r0, [r4, #76]
 434 002a FFF7FEFF 		bl	HAL_DMA_DeInit
 435              	.LVL16:
 162:Src/spi.c     ****     HAL_DMA_DeInit(spiHandle->hdmatx);
 436              		.loc 1 162 5 view .LVU148
 437 002e A06C     		ldr	r0, [r4, #72]
 438 0030 FFF7FEFF 		bl	HAL_DMA_DeInit
 439              	.LVL17:
 163:Src/spi.c     ****   /* USER CODE BEGIN SPI1_MspDeInit 1 */
 164:Src/spi.c     **** 
 165:Src/spi.c     ****   /* USER CODE END SPI1_MspDeInit 1 */
 166:Src/spi.c     ****   }
 167:Src/spi.c     **** }
 440              		.loc 1 167 1 is_stmt 0 view .LVU149
 441 0034 10BD     		pop	{r4, pc}
 442              	.LVL18:
 443              	.L25:
 444              		.loc 1 167 1 view .LVU150
 445 0036 00BF     		.align	2
 446              	.L24:
 447 0038 00300140 		.word	1073819648
 448 003c 00380240 		.word	1073887232
 449 0040 00040240 		.word	1073873920
 450 0044 00000240 		.word	1073872896
 451              		.cfi_endproc
 452              	.LFE136:
 454              		.global	hdma_spi1_tx
 455              		.global	hdma_spi1_rx
 456              		.global	hspi1
 457              		.section	.bss.hdma_spi1_rx,"aw",%nobits
 458              		.align	2
 459              		.set	.LANCHOR1,. + 0
 462              	hdma_spi1_rx:
 463 0000 00000000 		.space	96
 463      00000000 
 463      00000000 
 463      00000000 
 463      00000000 
 464              		.section	.bss.hdma_spi1_tx,"aw",%nobits
 465              		.align	2
 466              		.set	.LANCHOR2,. + 0
 469              	hdma_spi1_tx:
 470 0000 00000000 		.space	96
 470      00000000 
 470      00000000 
 470      00000000 
 470      00000000 
 471              		.section	.bss.hspi1,"aw",%nobits
 472              		.align	2
 473              		.set	.LANCHOR0,. + 0
 476              	hspi1:
 477 0000 00000000 		.space	88
 477      00000000 
 477      00000000 
ARM GAS  C:\Users\admin\AppData\Local\Temp\ccKcFH7A.s 			page 14


 477      00000000 
 477      00000000 
 478              		.text
 479              	.Letext0:
 480              		.file 2 "c:\\program files (x86)\\gnu arm embedded toolchain\\10 2021.10\\arm-none-eabi\\include\\
 481              		.file 3 "c:\\program files (x86)\\gnu arm embedded toolchain\\10 2021.10\\arm-none-eabi\\include\\
 482              		.file 4 "Drivers/CMSIS/Device/ST/STM32F4xx/Include/stm32f407xx.h"
 483              		.file 5 "Drivers/STM32F4xx_HAL_Driver/Inc/stm32f4xx_hal_def.h"
 484              		.file 6 "Drivers/STM32F4xx_HAL_Driver/Inc/stm32f4xx_hal_gpio.h"
 485              		.file 7 "Drivers/STM32F4xx_HAL_Driver/Inc/stm32f4xx_hal_dma.h"
 486              		.file 8 "Drivers/STM32F4xx_HAL_Driver/Inc/stm32f4xx_hal_spi.h"
 487              		.file 9 "Inc/spi.h"
 488              		.file 10 "Inc/main.h"
ARM GAS  C:\Users\admin\AppData\Local\Temp\ccKcFH7A.s 			page 15


DEFINED SYMBOLS
                            *ABS*:00000000 spi.c
C:\Users\admin\AppData\Local\Temp\ccKcFH7A.s:20     .text.MX_SPI1_Init:00000000 $t
C:\Users\admin\AppData\Local\Temp\ccKcFH7A.s:26     .text.MX_SPI1_Init:00000000 MX_SPI1_Init
C:\Users\admin\AppData\Local\Temp\ccKcFH7A.s:99     .text.MX_SPI1_Init:0000003c $d
C:\Users\admin\AppData\Local\Temp\ccKcFH7A.s:105    .text.HAL_SPI_MspInit:00000000 $t
C:\Users\admin\AppData\Local\Temp\ccKcFH7A.s:111    .text.HAL_SPI_MspInit:00000000 HAL_SPI_MspInit
C:\Users\admin\AppData\Local\Temp\ccKcFH7A.s:375    .text.HAL_SPI_MspInit:00000114 $d
C:\Users\admin\AppData\Local\Temp\ccKcFH7A.s:386    .text.HAL_SPI_MspDeInit:00000000 $t
C:\Users\admin\AppData\Local\Temp\ccKcFH7A.s:392    .text.HAL_SPI_MspDeInit:00000000 HAL_SPI_MspDeInit
C:\Users\admin\AppData\Local\Temp\ccKcFH7A.s:447    .text.HAL_SPI_MspDeInit:00000038 $d
C:\Users\admin\AppData\Local\Temp\ccKcFH7A.s:469    .bss.hdma_spi1_tx:00000000 hdma_spi1_tx
C:\Users\admin\AppData\Local\Temp\ccKcFH7A.s:462    .bss.hdma_spi1_rx:00000000 hdma_spi1_rx
C:\Users\admin\AppData\Local\Temp\ccKcFH7A.s:476    .bss.hspi1:00000000 hspi1
C:\Users\admin\AppData\Local\Temp\ccKcFH7A.s:458    .bss.hdma_spi1_rx:00000000 $d
C:\Users\admin\AppData\Local\Temp\ccKcFH7A.s:465    .bss.hdma_spi1_tx:00000000 $d
C:\Users\admin\AppData\Local\Temp\ccKcFH7A.s:472    .bss.hspi1:00000000 $d

UNDEFINED SYMBOLS
HAL_SPI_Init
Error_Handler
HAL_GPIO_Init
HAL_DMA_Init
HAL_GPIO_DeInit
HAL_DMA_DeInit
