ARM GAS  C:\Users\admin\AppData\Local\Temp\ccTQe8Cn.s 			page 1


   1              		.cpu cortex-m4
   2              		.arch armv7e-m
   3              		.fpu fpv4-sp-d16
   4              		.eabi_attribute 27, 1
   5              		.eabi_attribute 28, 1
   6              		.eabi_attribute 20, 1
   7              		.eabi_attribute 21, 1
   8              		.eabi_attribute 23, 3
   9              		.eabi_attribute 24, 1
  10              		.eabi_attribute 25, 1
  11              		.eabi_attribute 26, 1
  12              		.eabi_attribute 30, 1
  13              		.eabi_attribute 34, 1
  14              		.eabi_attribute 18, 4
  15              		.file	"stm32f4xx_it.c"
  16              		.text
  17              	.Ltext0:
  18              		.cfi_sections	.debug_frame
  19              		.section	.text.NMI_Handler,"ax",%progbits
  20              		.align	1
  21              		.global	NMI_Handler
  22              		.syntax unified
  23              		.thumb
  24              		.thumb_func
  26              	NMI_Handler:
  27              	.LFB134:
  28              		.file 1 "Src/stm32f4xx_it.c"
   1:Src/stm32f4xx_it.c **** /* USER CODE BEGIN Header */
   2:Src/stm32f4xx_it.c **** /**
   3:Src/stm32f4xx_it.c ****   ******************************************************************************
   4:Src/stm32f4xx_it.c ****   * @file    stm32f4xx_it.c
   5:Src/stm32f4xx_it.c ****   * @brief   Interrupt Service Routines.
   6:Src/stm32f4xx_it.c ****   ******************************************************************************
   7:Src/stm32f4xx_it.c ****   * @attention
   8:Src/stm32f4xx_it.c ****   *
   9:Src/stm32f4xx_it.c ****   * Copyright (c) 2022 STMicroelectronics.
  10:Src/stm32f4xx_it.c ****   * All rights reserved.
  11:Src/stm32f4xx_it.c ****   *
  12:Src/stm32f4xx_it.c ****   * This software is licensed under terms that can be found in the LICENSE file
  13:Src/stm32f4xx_it.c ****   * in the root directory of this software component.
  14:Src/stm32f4xx_it.c ****   * If no LICENSE file comes with this software, it is provided AS-IS.
  15:Src/stm32f4xx_it.c ****   *
  16:Src/stm32f4xx_it.c ****   ******************************************************************************
  17:Src/stm32f4xx_it.c ****   */
  18:Src/stm32f4xx_it.c **** /* USER CODE END Header */
  19:Src/stm32f4xx_it.c **** 
  20:Src/stm32f4xx_it.c **** /* Includes ------------------------------------------------------------------*/
  21:Src/stm32f4xx_it.c **** #include "main.h"
  22:Src/stm32f4xx_it.c **** #include "stm32f4xx_it.h"
  23:Src/stm32f4xx_it.c **** #include "FreeRTOS.h"
  24:Src/stm32f4xx_it.c **** #include "task.h"
  25:Src/stm32f4xx_it.c **** /* Private includes ----------------------------------------------------------*/
  26:Src/stm32f4xx_it.c **** /* USER CODE BEGIN Includes */
  27:Src/stm32f4xx_it.c **** /* USER CODE END Includes */
  28:Src/stm32f4xx_it.c **** 
  29:Src/stm32f4xx_it.c **** /* Private typedef -----------------------------------------------------------*/
  30:Src/stm32f4xx_it.c **** /* USER CODE BEGIN TD */
ARM GAS  C:\Users\admin\AppData\Local\Temp\ccTQe8Cn.s 			page 2


  31:Src/stm32f4xx_it.c **** 
  32:Src/stm32f4xx_it.c **** /* USER CODE END TD */
  33:Src/stm32f4xx_it.c **** 
  34:Src/stm32f4xx_it.c **** /* Private define ------------------------------------------------------------*/
  35:Src/stm32f4xx_it.c **** /* USER CODE BEGIN PD */
  36:Src/stm32f4xx_it.c **** 
  37:Src/stm32f4xx_it.c **** /* USER CODE END PD */
  38:Src/stm32f4xx_it.c **** 
  39:Src/stm32f4xx_it.c **** /* Private macro -------------------------------------------------------------*/
  40:Src/stm32f4xx_it.c **** /* USER CODE BEGIN PM */
  41:Src/stm32f4xx_it.c **** 
  42:Src/stm32f4xx_it.c **** /* USER CODE END PM */
  43:Src/stm32f4xx_it.c **** 
  44:Src/stm32f4xx_it.c **** /* Private variables ---------------------------------------------------------*/
  45:Src/stm32f4xx_it.c **** /* USER CODE BEGIN PV */
  46:Src/stm32f4xx_it.c **** 
  47:Src/stm32f4xx_it.c **** /* USER CODE END PV */
  48:Src/stm32f4xx_it.c **** 
  49:Src/stm32f4xx_it.c **** /* Private function prototypes -----------------------------------------------*/
  50:Src/stm32f4xx_it.c **** /* USER CODE BEGIN PFP */
  51:Src/stm32f4xx_it.c **** 
  52:Src/stm32f4xx_it.c **** /* USER CODE END PFP */
  53:Src/stm32f4xx_it.c **** 
  54:Src/stm32f4xx_it.c **** /* Private user code ---------------------------------------------------------*/
  55:Src/stm32f4xx_it.c **** /* USER CODE BEGIN 0 */
  56:Src/stm32f4xx_it.c **** 
  57:Src/stm32f4xx_it.c **** /* USER CODE END 0 */
  58:Src/stm32f4xx_it.c **** 
  59:Src/stm32f4xx_it.c **** /* External variables --------------------------------------------------------*/
  60:Src/stm32f4xx_it.c **** extern CAN_HandleTypeDef hcan1;
  61:Src/stm32f4xx_it.c **** extern CAN_HandleTypeDef hcan2;
  62:Src/stm32f4xx_it.c **** /* USER CODE BEGIN EV */
  63:Src/stm32f4xx_it.c **** 
  64:Src/stm32f4xx_it.c **** /* USER CODE END EV */
  65:Src/stm32f4xx_it.c **** 
  66:Src/stm32f4xx_it.c **** /******************************************************************************/
  67:Src/stm32f4xx_it.c **** /*           Cortex-M4 Processor Interruption and Exception Handlers          */
  68:Src/stm32f4xx_it.c **** /******************************************************************************/
  69:Src/stm32f4xx_it.c **** /**
  70:Src/stm32f4xx_it.c ****   * @brief This function handles Non maskable interrupt.
  71:Src/stm32f4xx_it.c ****   */
  72:Src/stm32f4xx_it.c **** void NMI_Handler(void)
  73:Src/stm32f4xx_it.c **** {
  29              		.loc 1 73 1 view -0
  30              		.cfi_startproc
  31              		@ Volatile: function does not return.
  32              		@ args = 0, pretend = 0, frame = 0
  33              		@ frame_needed = 0, uses_anonymous_args = 0
  34              		@ link register save eliminated.
  35              	.L2:
  74:Src/stm32f4xx_it.c ****   /* USER CODE BEGIN NonMaskableInt_IRQn 0 */
  75:Src/stm32f4xx_it.c **** 
  76:Src/stm32f4xx_it.c ****   /* USER CODE END NonMaskableInt_IRQn 0 */
  77:Src/stm32f4xx_it.c ****   /* USER CODE BEGIN NonMaskableInt_IRQn 1 */
  78:Src/stm32f4xx_it.c ****   while (1)
  36              		.loc 1 78 3 discriminator 1 view .LVU1
  79:Src/stm32f4xx_it.c ****   {
ARM GAS  C:\Users\admin\AppData\Local\Temp\ccTQe8Cn.s 			page 3


  80:Src/stm32f4xx_it.c ****   }
  37              		.loc 1 80 3 discriminator 1 view .LVU2
  78:Src/stm32f4xx_it.c ****   {
  38              		.loc 1 78 9 discriminator 1 view .LVU3
  39 0000 FEE7     		b	.L2
  40              		.cfi_endproc
  41              	.LFE134:
  43              		.section	.text.HardFault_Handler,"ax",%progbits
  44              		.align	1
  45              		.global	HardFault_Handler
  46              		.syntax unified
  47              		.thumb
  48              		.thumb_func
  50              	HardFault_Handler:
  51              	.LFB135:
  81:Src/stm32f4xx_it.c ****   /* USER CODE END NonMaskableInt_IRQn 1 */
  82:Src/stm32f4xx_it.c **** }
  83:Src/stm32f4xx_it.c **** 
  84:Src/stm32f4xx_it.c **** /**
  85:Src/stm32f4xx_it.c ****   * @brief This function handles Hard fault interrupt.
  86:Src/stm32f4xx_it.c ****   */
  87:Src/stm32f4xx_it.c **** void HardFault_Handler(void)
  88:Src/stm32f4xx_it.c **** {
  52              		.loc 1 88 1 view -0
  53              		.cfi_startproc
  54              		@ Volatile: function does not return.
  55              		@ args = 0, pretend = 0, frame = 0
  56              		@ frame_needed = 0, uses_anonymous_args = 0
  57              		@ link register save eliminated.
  58              	.L4:
  89:Src/stm32f4xx_it.c ****   /* USER CODE BEGIN HardFault_IRQn 0 */
  90:Src/stm32f4xx_it.c **** 
  91:Src/stm32f4xx_it.c ****   /* USER CODE END HardFault_IRQn 0 */
  92:Src/stm32f4xx_it.c ****   while (1)
  59              		.loc 1 92 3 discriminator 1 view .LVU5
  93:Src/stm32f4xx_it.c ****   {
  94:Src/stm32f4xx_it.c ****     /* USER CODE BEGIN W1_HardFault_IRQn 0 */
  95:Src/stm32f4xx_it.c ****     /* USER CODE END W1_HardFault_IRQn 0 */
  96:Src/stm32f4xx_it.c ****   }
  60              		.loc 1 96 3 discriminator 1 view .LVU6
  92:Src/stm32f4xx_it.c ****   {
  61              		.loc 1 92 9 discriminator 1 view .LVU7
  62 0000 FEE7     		b	.L4
  63              		.cfi_endproc
  64              	.LFE135:
  66              		.section	.text.MemManage_Handler,"ax",%progbits
  67              		.align	1
  68              		.global	MemManage_Handler
  69              		.syntax unified
  70              		.thumb
  71              		.thumb_func
  73              	MemManage_Handler:
  74              	.LFB136:
  97:Src/stm32f4xx_it.c **** }
  98:Src/stm32f4xx_it.c **** 
  99:Src/stm32f4xx_it.c **** /**
 100:Src/stm32f4xx_it.c ****   * @brief This function handles Memory management fault.
ARM GAS  C:\Users\admin\AppData\Local\Temp\ccTQe8Cn.s 			page 4


 101:Src/stm32f4xx_it.c ****   */
 102:Src/stm32f4xx_it.c **** void MemManage_Handler(void)
 103:Src/stm32f4xx_it.c **** {
  75              		.loc 1 103 1 view -0
  76              		.cfi_startproc
  77              		@ Volatile: function does not return.
  78              		@ args = 0, pretend = 0, frame = 0
  79              		@ frame_needed = 0, uses_anonymous_args = 0
  80              		@ link register save eliminated.
  81              	.L6:
 104:Src/stm32f4xx_it.c ****   /* USER CODE BEGIN MemoryManagement_IRQn 0 */
 105:Src/stm32f4xx_it.c **** 
 106:Src/stm32f4xx_it.c ****   /* USER CODE END MemoryManagement_IRQn 0 */
 107:Src/stm32f4xx_it.c ****   while (1)
  82              		.loc 1 107 3 discriminator 1 view .LVU9
 108:Src/stm32f4xx_it.c ****   {
 109:Src/stm32f4xx_it.c ****     /* USER CODE BEGIN W1_MemoryManagement_IRQn 0 */
 110:Src/stm32f4xx_it.c ****     /* USER CODE END W1_MemoryManagement_IRQn 0 */
 111:Src/stm32f4xx_it.c ****   }
  83              		.loc 1 111 3 discriminator 1 view .LVU10
 107:Src/stm32f4xx_it.c ****   {
  84              		.loc 1 107 9 discriminator 1 view .LVU11
  85 0000 FEE7     		b	.L6
  86              		.cfi_endproc
  87              	.LFE136:
  89              		.section	.text.BusFault_Handler,"ax",%progbits
  90              		.align	1
  91              		.global	BusFault_Handler
  92              		.syntax unified
  93              		.thumb
  94              		.thumb_func
  96              	BusFault_Handler:
  97              	.LFB137:
 112:Src/stm32f4xx_it.c **** }
 113:Src/stm32f4xx_it.c **** 
 114:Src/stm32f4xx_it.c **** /**
 115:Src/stm32f4xx_it.c ****   * @brief This function handles Pre-fetch fault, memory access fault.
 116:Src/stm32f4xx_it.c ****   */
 117:Src/stm32f4xx_it.c **** void BusFault_Handler(void)
 118:Src/stm32f4xx_it.c **** {
  98              		.loc 1 118 1 view -0
  99              		.cfi_startproc
 100              		@ Volatile: function does not return.
 101              		@ args = 0, pretend = 0, frame = 0
 102              		@ frame_needed = 0, uses_anonymous_args = 0
 103              		@ link register save eliminated.
 104              	.L8:
 119:Src/stm32f4xx_it.c ****   /* USER CODE BEGIN BusFault_IRQn 0 */
 120:Src/stm32f4xx_it.c **** 
 121:Src/stm32f4xx_it.c ****   /* USER CODE END BusFault_IRQn 0 */
 122:Src/stm32f4xx_it.c ****   while (1)
 105              		.loc 1 122 3 discriminator 1 view .LVU13
 123:Src/stm32f4xx_it.c ****   {
 124:Src/stm32f4xx_it.c ****     /* USER CODE BEGIN W1_BusFault_IRQn 0 */
 125:Src/stm32f4xx_it.c ****     /* USER CODE END W1_BusFault_IRQn 0 */
 126:Src/stm32f4xx_it.c ****   }
 106              		.loc 1 126 3 discriminator 1 view .LVU14
ARM GAS  C:\Users\admin\AppData\Local\Temp\ccTQe8Cn.s 			page 5


 122:Src/stm32f4xx_it.c ****   {
 107              		.loc 1 122 9 discriminator 1 view .LVU15
 108 0000 FEE7     		b	.L8
 109              		.cfi_endproc
 110              	.LFE137:
 112              		.section	.text.UsageFault_Handler,"ax",%progbits
 113              		.align	1
 114              		.global	UsageFault_Handler
 115              		.syntax unified
 116              		.thumb
 117              		.thumb_func
 119              	UsageFault_Handler:
 120              	.LFB138:
 127:Src/stm32f4xx_it.c **** }
 128:Src/stm32f4xx_it.c **** 
 129:Src/stm32f4xx_it.c **** /**
 130:Src/stm32f4xx_it.c ****   * @brief This function handles Undefined instruction or illegal state.
 131:Src/stm32f4xx_it.c ****   */
 132:Src/stm32f4xx_it.c **** void UsageFault_Handler(void)
 133:Src/stm32f4xx_it.c **** {
 121              		.loc 1 133 1 view -0
 122              		.cfi_startproc
 123              		@ Volatile: function does not return.
 124              		@ args = 0, pretend = 0, frame = 0
 125              		@ frame_needed = 0, uses_anonymous_args = 0
 126              		@ link register save eliminated.
 127              	.L10:
 134:Src/stm32f4xx_it.c ****   /* USER CODE BEGIN UsageFault_IRQn 0 */
 135:Src/stm32f4xx_it.c **** 
 136:Src/stm32f4xx_it.c ****   /* USER CODE END UsageFault_IRQn 0 */
 137:Src/stm32f4xx_it.c ****   while (1)
 128              		.loc 1 137 3 discriminator 1 view .LVU17
 138:Src/stm32f4xx_it.c ****   {
 139:Src/stm32f4xx_it.c ****     /* USER CODE BEGIN W1_UsageFault_IRQn 0 */
 140:Src/stm32f4xx_it.c ****     /* USER CODE END W1_UsageFault_IRQn 0 */
 141:Src/stm32f4xx_it.c ****   }
 129              		.loc 1 141 3 discriminator 1 view .LVU18
 137:Src/stm32f4xx_it.c ****   {
 130              		.loc 1 137 9 discriminator 1 view .LVU19
 131 0000 FEE7     		b	.L10
 132              		.cfi_endproc
 133              	.LFE138:
 135              		.section	.text.DebugMon_Handler,"ax",%progbits
 136              		.align	1
 137              		.global	DebugMon_Handler
 138              		.syntax unified
 139              		.thumb
 140              		.thumb_func
 142              	DebugMon_Handler:
 143              	.LFB139:
 142:Src/stm32f4xx_it.c **** }
 143:Src/stm32f4xx_it.c **** 
 144:Src/stm32f4xx_it.c **** /**
 145:Src/stm32f4xx_it.c ****   * @brief This function handles Debug monitor.
 146:Src/stm32f4xx_it.c ****   */
 147:Src/stm32f4xx_it.c **** void DebugMon_Handler(void)
 148:Src/stm32f4xx_it.c **** {
ARM GAS  C:\Users\admin\AppData\Local\Temp\ccTQe8Cn.s 			page 6


 144              		.loc 1 148 1 view -0
 145              		.cfi_startproc
 146              		@ args = 0, pretend = 0, frame = 0
 147              		@ frame_needed = 0, uses_anonymous_args = 0
 148              		@ link register save eliminated.
 149:Src/stm32f4xx_it.c ****   /* USER CODE BEGIN DebugMonitor_IRQn 0 */
 150:Src/stm32f4xx_it.c **** 
 151:Src/stm32f4xx_it.c ****   /* USER CODE END DebugMonitor_IRQn 0 */
 152:Src/stm32f4xx_it.c ****   /* USER CODE BEGIN DebugMonitor_IRQn 1 */
 153:Src/stm32f4xx_it.c **** 
 154:Src/stm32f4xx_it.c ****   /* USER CODE END DebugMonitor_IRQn 1 */
 155:Src/stm32f4xx_it.c **** }
 149              		.loc 1 155 1 view .LVU21
 150 0000 7047     		bx	lr
 151              		.cfi_endproc
 152              	.LFE139:
 154              		.section	.text.SysTick_Handler,"ax",%progbits
 155              		.align	1
 156              		.global	SysTick_Handler
 157              		.syntax unified
 158              		.thumb
 159              		.thumb_func
 161              	SysTick_Handler:
 162              	.LFB140:
 156:Src/stm32f4xx_it.c **** 
 157:Src/stm32f4xx_it.c **** /**
 158:Src/stm32f4xx_it.c ****   * @brief This function handles System tick timer.
 159:Src/stm32f4xx_it.c ****   */
 160:Src/stm32f4xx_it.c **** void SysTick_Handler(void)
 161:Src/stm32f4xx_it.c **** {
 163              		.loc 1 161 1 view -0
 164              		.cfi_startproc
 165              		@ args = 0, pretend = 0, frame = 0
 166              		@ frame_needed = 0, uses_anonymous_args = 0
 167 0000 08B5     		push	{r3, lr}
 168              	.LCFI0:
 169              		.cfi_def_cfa_offset 8
 170              		.cfi_offset 3, -8
 171              		.cfi_offset 14, -4
 162:Src/stm32f4xx_it.c ****   /* USER CODE BEGIN SysTick_IRQn 0 */
 163:Src/stm32f4xx_it.c **** 
 164:Src/stm32f4xx_it.c ****   /* USER CODE END SysTick_IRQn 0 */
 165:Src/stm32f4xx_it.c ****   HAL_IncTick();
 172              		.loc 1 165 3 view .LVU23
 173 0002 FFF7FEFF 		bl	HAL_IncTick
 174              	.LVL0:
 166:Src/stm32f4xx_it.c **** #if (INCLUDE_xTaskGetSchedulerState == 1 )
 167:Src/stm32f4xx_it.c ****   if (xTaskGetSchedulerState() != taskSCHEDULER_NOT_STARTED)
 175              		.loc 1 167 3 view .LVU24
 176              		.loc 1 167 7 is_stmt 0 view .LVU25
 177 0006 FFF7FEFF 		bl	xTaskGetSchedulerState
 178              	.LVL1:
 179              		.loc 1 167 6 view .LVU26
 180 000a 0128     		cmp	r0, #1
 181 000c 00D1     		bne	.L15
 182              	.L12:
 168:Src/stm32f4xx_it.c ****   {
ARM GAS  C:\Users\admin\AppData\Local\Temp\ccTQe8Cn.s 			page 7


 169:Src/stm32f4xx_it.c **** #endif /* INCLUDE_xTaskGetSchedulerState */
 170:Src/stm32f4xx_it.c ****   xPortSysTickHandler();
 171:Src/stm32f4xx_it.c **** #if (INCLUDE_xTaskGetSchedulerState == 1 )
 172:Src/stm32f4xx_it.c ****   }
 173:Src/stm32f4xx_it.c **** #endif /* INCLUDE_xTaskGetSchedulerState */
 174:Src/stm32f4xx_it.c ****   /* USER CODE BEGIN SysTick_IRQn 1 */
 175:Src/stm32f4xx_it.c **** 
 176:Src/stm32f4xx_it.c ****   /* USER CODE END SysTick_IRQn 1 */
 177:Src/stm32f4xx_it.c **** }
 183              		.loc 1 177 1 view .LVU27
 184 000e 08BD     		pop	{r3, pc}
 185              	.L15:
 170:Src/stm32f4xx_it.c **** #if (INCLUDE_xTaskGetSchedulerState == 1 )
 186              		.loc 1 170 3 is_stmt 1 view .LVU28
 187 0010 FFF7FEFF 		bl	xPortSysTickHandler
 188              	.LVL2:
 189              		.loc 1 177 1 is_stmt 0 view .LVU29
 190 0014 FBE7     		b	.L12
 191              		.cfi_endproc
 192              	.LFE140:
 194              		.section	.text.EXTI0_IRQHandler,"ax",%progbits
 195              		.align	1
 196              		.global	EXTI0_IRQHandler
 197              		.syntax unified
 198              		.thumb
 199              		.thumb_func
 201              	EXTI0_IRQHandler:
 202              	.LFB141:
 178:Src/stm32f4xx_it.c **** 
 179:Src/stm32f4xx_it.c **** /******************************************************************************/
 180:Src/stm32f4xx_it.c **** /* STM32F4xx Peripheral Interrupt Handlers                                    */
 181:Src/stm32f4xx_it.c **** /* Add here the Interrupt Handlers for the used peripherals.                  */
 182:Src/stm32f4xx_it.c **** /* For the available peripheral interrupt handler names,                      */
 183:Src/stm32f4xx_it.c **** /* please refer to the startup file (startup_stm32f4xx.s).                    */
 184:Src/stm32f4xx_it.c **** /******************************************************************************/
 185:Src/stm32f4xx_it.c **** 
 186:Src/stm32f4xx_it.c **** /**
 187:Src/stm32f4xx_it.c ****   * @brief This function handles EXTI line0 interrupt.
 188:Src/stm32f4xx_it.c ****   */
 189:Src/stm32f4xx_it.c **** void EXTI0_IRQHandler(void)
 190:Src/stm32f4xx_it.c **** {
 203              		.loc 1 190 1 is_stmt 1 view -0
 204              		.cfi_startproc
 205              		@ args = 0, pretend = 0, frame = 0
 206              		@ frame_needed = 0, uses_anonymous_args = 0
 207 0000 08B5     		push	{r3, lr}
 208              	.LCFI1:
 209              		.cfi_def_cfa_offset 8
 210              		.cfi_offset 3, -8
 211              		.cfi_offset 14, -4
 191:Src/stm32f4xx_it.c ****   /* USER CODE BEGIN EXTI0_IRQn 0 */
 192:Src/stm32f4xx_it.c **** 
 193:Src/stm32f4xx_it.c ****   /* USER CODE END EXTI0_IRQn 0 */
 194:Src/stm32f4xx_it.c ****   HAL_GPIO_EXTI_IRQHandler(GPIO_PIN_0);
 212              		.loc 1 194 3 view .LVU31
 213 0002 0120     		movs	r0, #1
 214 0004 FFF7FEFF 		bl	HAL_GPIO_EXTI_IRQHandler
ARM GAS  C:\Users\admin\AppData\Local\Temp\ccTQe8Cn.s 			page 8


 215              	.LVL3:
 195:Src/stm32f4xx_it.c ****   /* USER CODE BEGIN EXTI0_IRQn 1 */
 196:Src/stm32f4xx_it.c **** 
 197:Src/stm32f4xx_it.c ****   /* USER CODE END EXTI0_IRQn 1 */
 198:Src/stm32f4xx_it.c **** }
 216              		.loc 1 198 1 is_stmt 0 view .LVU32
 217 0008 08BD     		pop	{r3, pc}
 218              		.cfi_endproc
 219              	.LFE141:
 221              		.section	.text.EXTI3_IRQHandler,"ax",%progbits
 222              		.align	1
 223              		.global	EXTI3_IRQHandler
 224              		.syntax unified
 225              		.thumb
 226              		.thumb_func
 228              	EXTI3_IRQHandler:
 229              	.LFB142:
 199:Src/stm32f4xx_it.c **** 
 200:Src/stm32f4xx_it.c **** /**
 201:Src/stm32f4xx_it.c ****   * @brief This function handles EXTI line3 interrupt.
 202:Src/stm32f4xx_it.c ****   */
 203:Src/stm32f4xx_it.c **** void EXTI3_IRQHandler(void)
 204:Src/stm32f4xx_it.c **** {
 230              		.loc 1 204 1 is_stmt 1 view -0
 231              		.cfi_startproc
 232              		@ args = 0, pretend = 0, frame = 0
 233              		@ frame_needed = 0, uses_anonymous_args = 0
 234 0000 08B5     		push	{r3, lr}
 235              	.LCFI2:
 236              		.cfi_def_cfa_offset 8
 237              		.cfi_offset 3, -8
 238              		.cfi_offset 14, -4
 205:Src/stm32f4xx_it.c ****   /* USER CODE BEGIN EXTI3_IRQn 0 */
 206:Src/stm32f4xx_it.c **** 
 207:Src/stm32f4xx_it.c ****   /* USER CODE END EXTI3_IRQn 0 */
 208:Src/stm32f4xx_it.c ****   HAL_GPIO_EXTI_IRQHandler(DRDY_IST8310_Pin);
 239              		.loc 1 208 3 view .LVU34
 240 0002 0820     		movs	r0, #8
 241 0004 FFF7FEFF 		bl	HAL_GPIO_EXTI_IRQHandler
 242              	.LVL4:
 209:Src/stm32f4xx_it.c ****   /* USER CODE BEGIN EXTI3_IRQn 1 */
 210:Src/stm32f4xx_it.c **** 
 211:Src/stm32f4xx_it.c ****   /* USER CODE END EXTI3_IRQn 1 */
 212:Src/stm32f4xx_it.c **** }
 243              		.loc 1 212 1 is_stmt 0 view .LVU35
 244 0008 08BD     		pop	{r3, pc}
 245              		.cfi_endproc
 246              	.LFE142:
 248              		.section	.text.EXTI4_IRQHandler,"ax",%progbits
 249              		.align	1
 250              		.global	EXTI4_IRQHandler
 251              		.syntax unified
 252              		.thumb
 253              		.thumb_func
 255              	EXTI4_IRQHandler:
 256              	.LFB143:
 213:Src/stm32f4xx_it.c **** 
ARM GAS  C:\Users\admin\AppData\Local\Temp\ccTQe8Cn.s 			page 9


 214:Src/stm32f4xx_it.c **** /**
 215:Src/stm32f4xx_it.c ****   * @brief This function handles EXTI line4 interrupt.
 216:Src/stm32f4xx_it.c ****   */
 217:Src/stm32f4xx_it.c **** void EXTI4_IRQHandler(void)
 218:Src/stm32f4xx_it.c **** {
 257              		.loc 1 218 1 is_stmt 1 view -0
 258              		.cfi_startproc
 259              		@ args = 0, pretend = 0, frame = 0
 260              		@ frame_needed = 0, uses_anonymous_args = 0
 261 0000 08B5     		push	{r3, lr}
 262              	.LCFI3:
 263              		.cfi_def_cfa_offset 8
 264              		.cfi_offset 3, -8
 265              		.cfi_offset 14, -4
 219:Src/stm32f4xx_it.c ****   /* USER CODE BEGIN EXTI4_IRQn 0 */
 220:Src/stm32f4xx_it.c **** 
 221:Src/stm32f4xx_it.c ****   /* USER CODE END EXTI4_IRQn 0 */
 222:Src/stm32f4xx_it.c ****   HAL_GPIO_EXTI_IRQHandler(INT1_ACCEL_Pin);
 266              		.loc 1 222 3 view .LVU37
 267 0002 1020     		movs	r0, #16
 268 0004 FFF7FEFF 		bl	HAL_GPIO_EXTI_IRQHandler
 269              	.LVL5:
 223:Src/stm32f4xx_it.c ****   /* USER CODE BEGIN EXTI4_IRQn 1 */
 224:Src/stm32f4xx_it.c **** 
 225:Src/stm32f4xx_it.c ****   /* USER CODE END EXTI4_IRQn 1 */
 226:Src/stm32f4xx_it.c **** }
 270              		.loc 1 226 1 is_stmt 0 view .LVU38
 271 0008 08BD     		pop	{r3, pc}
 272              		.cfi_endproc
 273              	.LFE143:
 275              		.section	.text.CAN1_RX0_IRQHandler,"ax",%progbits
 276              		.align	1
 277              		.global	CAN1_RX0_IRQHandler
 278              		.syntax unified
 279              		.thumb
 280              		.thumb_func
 282              	CAN1_RX0_IRQHandler:
 283              	.LFB144:
 227:Src/stm32f4xx_it.c **** 
 228:Src/stm32f4xx_it.c **** /**
 229:Src/stm32f4xx_it.c ****   * @brief This function handles CAN1 RX0 interrupts.
 230:Src/stm32f4xx_it.c ****   */
 231:Src/stm32f4xx_it.c **** void CAN1_RX0_IRQHandler(void)
 232:Src/stm32f4xx_it.c **** {
 284              		.loc 1 232 1 is_stmt 1 view -0
 285              		.cfi_startproc
 286              		@ args = 0, pretend = 0, frame = 0
 287              		@ frame_needed = 0, uses_anonymous_args = 0
 288 0000 08B5     		push	{r3, lr}
 289              	.LCFI4:
 290              		.cfi_def_cfa_offset 8
 291              		.cfi_offset 3, -8
 292              		.cfi_offset 14, -4
 233:Src/stm32f4xx_it.c ****   /* USER CODE BEGIN CAN1_RX0_IRQn 0 */
 234:Src/stm32f4xx_it.c **** 
 235:Src/stm32f4xx_it.c ****   /* USER CODE END CAN1_RX0_IRQn 0 */
 236:Src/stm32f4xx_it.c ****   HAL_CAN_IRQHandler(&hcan1);
ARM GAS  C:\Users\admin\AppData\Local\Temp\ccTQe8Cn.s 			page 10


 293              		.loc 1 236 3 view .LVU40
 294 0002 0248     		ldr	r0, .L24
 295 0004 FFF7FEFF 		bl	HAL_CAN_IRQHandler
 296              	.LVL6:
 237:Src/stm32f4xx_it.c ****   /* USER CODE BEGIN CAN1_RX0_IRQn 1 */
 238:Src/stm32f4xx_it.c **** 
 239:Src/stm32f4xx_it.c ****   /* USER CODE END CAN1_RX0_IRQn 1 */
 240:Src/stm32f4xx_it.c **** }
 297              		.loc 1 240 1 is_stmt 0 view .LVU41
 298 0008 08BD     		pop	{r3, pc}
 299              	.L25:
 300 000a 00BF     		.align	2
 301              	.L24:
 302 000c 00000000 		.word	hcan1
 303              		.cfi_endproc
 304              	.LFE144:
 306              		.section	.text.EXTI9_5_IRQHandler,"ax",%progbits
 307              		.align	1
 308              		.global	EXTI9_5_IRQHandler
 309              		.syntax unified
 310              		.thumb
 311              		.thumb_func
 313              	EXTI9_5_IRQHandler:
 314              	.LFB145:
 241:Src/stm32f4xx_it.c **** 
 242:Src/stm32f4xx_it.c **** /**
 243:Src/stm32f4xx_it.c ****   * @brief This function handles EXTI line[9:5] interrupts.
 244:Src/stm32f4xx_it.c ****   */
 245:Src/stm32f4xx_it.c **** void EXTI9_5_IRQHandler(void)
 246:Src/stm32f4xx_it.c **** {
 315              		.loc 1 246 1 is_stmt 1 view -0
 316              		.cfi_startproc
 317              		@ args = 0, pretend = 0, frame = 0
 318              		@ frame_needed = 0, uses_anonymous_args = 0
 319 0000 08B5     		push	{r3, lr}
 320              	.LCFI5:
 321              		.cfi_def_cfa_offset 8
 322              		.cfi_offset 3, -8
 323              		.cfi_offset 14, -4
 247:Src/stm32f4xx_it.c ****   /* USER CODE BEGIN EXTI9_5_IRQn 0 */
 248:Src/stm32f4xx_it.c **** 
 249:Src/stm32f4xx_it.c ****   /* USER CODE END EXTI9_5_IRQn 0 */
 250:Src/stm32f4xx_it.c ****   HAL_GPIO_EXTI_IRQHandler(INT1_GYRO_Pin);
 324              		.loc 1 250 3 view .LVU43
 325 0002 2020     		movs	r0, #32
 326 0004 FFF7FEFF 		bl	HAL_GPIO_EXTI_IRQHandler
 327              	.LVL7:
 251:Src/stm32f4xx_it.c ****   /* USER CODE BEGIN EXTI9_5_IRQn 1 */
 252:Src/stm32f4xx_it.c **** 
 253:Src/stm32f4xx_it.c ****   /* USER CODE END EXTI9_5_IRQn 1 */
 254:Src/stm32f4xx_it.c **** }
 328              		.loc 1 254 1 is_stmt 0 view .LVU44
 329 0008 08BD     		pop	{r3, pc}
 330              		.cfi_endproc
 331              	.LFE145:
 333              		.section	.text.CAN2_RX0_IRQHandler,"ax",%progbits
 334              		.align	1
ARM GAS  C:\Users\admin\AppData\Local\Temp\ccTQe8Cn.s 			page 11


 335              		.global	CAN2_RX0_IRQHandler
 336              		.syntax unified
 337              		.thumb
 338              		.thumb_func
 340              	CAN2_RX0_IRQHandler:
 341              	.LFB146:
 255:Src/stm32f4xx_it.c **** 
 256:Src/stm32f4xx_it.c **** /**
 257:Src/stm32f4xx_it.c ****   * @brief This function handles CAN2 RX0 interrupts.
 258:Src/stm32f4xx_it.c ****   */
 259:Src/stm32f4xx_it.c **** void CAN2_RX0_IRQHandler(void)
 260:Src/stm32f4xx_it.c **** {
 342              		.loc 1 260 1 is_stmt 1 view -0
 343              		.cfi_startproc
 344              		@ args = 0, pretend = 0, frame = 0
 345              		@ frame_needed = 0, uses_anonymous_args = 0
 346 0000 08B5     		push	{r3, lr}
 347              	.LCFI6:
 348              		.cfi_def_cfa_offset 8
 349              		.cfi_offset 3, -8
 350              		.cfi_offset 14, -4
 261:Src/stm32f4xx_it.c ****   /* USER CODE BEGIN CAN2_RX0_IRQn 0 */
 262:Src/stm32f4xx_it.c **** 
 263:Src/stm32f4xx_it.c ****   /* USER CODE END CAN2_RX0_IRQn 0 */
 264:Src/stm32f4xx_it.c ****   HAL_CAN_IRQHandler(&hcan2);
 351              		.loc 1 264 3 view .LVU46
 352 0002 0248     		ldr	r0, .L30
 353 0004 FFF7FEFF 		bl	HAL_CAN_IRQHandler
 354              	.LVL8:
 265:Src/stm32f4xx_it.c ****   /* USER CODE BEGIN CAN2_RX0_IRQn 1 */
 266:Src/stm32f4xx_it.c **** 
 267:Src/stm32f4xx_it.c ****   /* USER CODE END CAN2_RX0_IRQn 1 */
 268:Src/stm32f4xx_it.c **** }
 355              		.loc 1 268 1 is_stmt 0 view .LVU47
 356 0008 08BD     		pop	{r3, pc}
 357              	.L31:
 358 000a 00BF     		.align	2
 359              	.L30:
 360 000c 00000000 		.word	hcan2
 361              		.cfi_endproc
 362              	.LFE146:
 364              		.text
 365              	.Letext0:
 366              		.file 2 "c:\\program files (x86)\\gnu arm embedded toolchain\\10 2021.10\\arm-none-eabi\\include\\
 367              		.file 3 "c:\\program files (x86)\\gnu arm embedded toolchain\\10 2021.10\\arm-none-eabi\\include\\
 368              		.file 4 "Drivers/CMSIS/Device/ST/STM32F4xx/Include/stm32f407xx.h"
 369              		.file 5 "Drivers/CMSIS/Device/ST/STM32F4xx/Include/stm32f4xx.h"
 370              		.file 6 "Drivers/STM32F4xx_HAL_Driver/Inc/stm32f4xx_hal_can.h"
 371              		.file 7 "Middlewares/Third_Party/FreeRTOS/Source/portable/GCC/ARM_CM4F/portmacro.h"
 372              		.file 8 "Inc/can.h"
 373              		.file 9 "Drivers/STM32F4xx_HAL_Driver/Inc/stm32f4xx_hal_gpio.h"
 374              		.file 10 "Drivers/STM32F4xx_HAL_Driver/Inc/stm32f4xx_hal.h"
 375              		.file 11 "Middlewares/Third_Party/FreeRTOS/Source/include/task.h"
 376              		.file 12 "Inc/FreeRTOSConfig.h"
ARM GAS  C:\Users\admin\AppData\Local\Temp\ccTQe8Cn.s 			page 12


DEFINED SYMBOLS
                            *ABS*:00000000 stm32f4xx_it.c
C:\Users\admin\AppData\Local\Temp\ccTQe8Cn.s:20     .text.NMI_Handler:00000000 $t
C:\Users\admin\AppData\Local\Temp\ccTQe8Cn.s:26     .text.NMI_Handler:00000000 NMI_Handler
C:\Users\admin\AppData\Local\Temp\ccTQe8Cn.s:44     .text.HardFault_Handler:00000000 $t
C:\Users\admin\AppData\Local\Temp\ccTQe8Cn.s:50     .text.HardFault_Handler:00000000 HardFault_Handler
C:\Users\admin\AppData\Local\Temp\ccTQe8Cn.s:67     .text.MemManage_Handler:00000000 $t
C:\Users\admin\AppData\Local\Temp\ccTQe8Cn.s:73     .text.MemManage_Handler:00000000 MemManage_Handler
C:\Users\admin\AppData\Local\Temp\ccTQe8Cn.s:90     .text.BusFault_Handler:00000000 $t
C:\Users\admin\AppData\Local\Temp\ccTQe8Cn.s:96     .text.BusFault_Handler:00000000 BusFault_Handler
C:\Users\admin\AppData\Local\Temp\ccTQe8Cn.s:113    .text.UsageFault_Handler:00000000 $t
C:\Users\admin\AppData\Local\Temp\ccTQe8Cn.s:119    .text.UsageFault_Handler:00000000 UsageFault_Handler
C:\Users\admin\AppData\Local\Temp\ccTQe8Cn.s:136    .text.DebugMon_Handler:00000000 $t
C:\Users\admin\AppData\Local\Temp\ccTQe8Cn.s:142    .text.DebugMon_Handler:00000000 DebugMon_Handler
C:\Users\admin\AppData\Local\Temp\ccTQe8Cn.s:155    .text.SysTick_Handler:00000000 $t
C:\Users\admin\AppData\Local\Temp\ccTQe8Cn.s:161    .text.SysTick_Handler:00000000 SysTick_Handler
C:\Users\admin\AppData\Local\Temp\ccTQe8Cn.s:195    .text.EXTI0_IRQHandler:00000000 $t
C:\Users\admin\AppData\Local\Temp\ccTQe8Cn.s:201    .text.EXTI0_IRQHandler:00000000 EXTI0_IRQHandler
C:\Users\admin\AppData\Local\Temp\ccTQe8Cn.s:222    .text.EXTI3_IRQHandler:00000000 $t
C:\Users\admin\AppData\Local\Temp\ccTQe8Cn.s:228    .text.EXTI3_IRQHandler:00000000 EXTI3_IRQHandler
C:\Users\admin\AppData\Local\Temp\ccTQe8Cn.s:249    .text.EXTI4_IRQHandler:00000000 $t
C:\Users\admin\AppData\Local\Temp\ccTQe8Cn.s:255    .text.EXTI4_IRQHandler:00000000 EXTI4_IRQHandler
C:\Users\admin\AppData\Local\Temp\ccTQe8Cn.s:276    .text.CAN1_RX0_IRQHandler:00000000 $t
C:\Users\admin\AppData\Local\Temp\ccTQe8Cn.s:282    .text.CAN1_RX0_IRQHandler:00000000 CAN1_RX0_IRQHandler
C:\Users\admin\AppData\Local\Temp\ccTQe8Cn.s:302    .text.CAN1_RX0_IRQHandler:0000000c $d
C:\Users\admin\AppData\Local\Temp\ccTQe8Cn.s:307    .text.EXTI9_5_IRQHandler:00000000 $t
C:\Users\admin\AppData\Local\Temp\ccTQe8Cn.s:313    .text.EXTI9_5_IRQHandler:00000000 EXTI9_5_IRQHandler
C:\Users\admin\AppData\Local\Temp\ccTQe8Cn.s:334    .text.CAN2_RX0_IRQHandler:00000000 $t
C:\Users\admin\AppData\Local\Temp\ccTQe8Cn.s:340    .text.CAN2_RX0_IRQHandler:00000000 CAN2_RX0_IRQHandler
C:\Users\admin\AppData\Local\Temp\ccTQe8Cn.s:360    .text.CAN2_RX0_IRQHandler:0000000c $d

UNDEFINED SYMBOLS
HAL_IncTick
xTaskGetSchedulerState
xPortSysTickHandler
HAL_GPIO_EXTI_IRQHandler
HAL_CAN_IRQHandler
hcan1
hcan2
